<?xml version="1.0" encoding="utf-8"?><testsuites name="pytest tests"><testsuite name="pytest" errors="0" failures="0" skipped="0" tests="10" time="1.848" timestamp="2026-05-29T12:44:29.673965+00:00" hostname="agent-env-c13770aa-1a0b-4cda-b566-e1936f307470"><testcase classname="backend.tests.test_driver_performance.TestDriverPerformanceAuth" name="test_requires_auth" time="0.234" /><testcase classname="backend.tests.test_driver_performance.TestDriverPerformanceAuth" name="test_rejects_shipper_token" time="0.320" /><testcase classname="backend.tests.test_driver_performance.TestDriverPerformanceShape" name="test_returns_200_with_driver_token" time="0.327" /><testcase classname="backend.tests.test_driver_performance.TestDriverPerformanceShape" name="test_rates_are_percent_0_to_100" time="0.047" /><testcase classname="backend.tests.test_driver_performance.TestDriverPerformanceShape" name="test_earnings_monotonic" time="0.051" /><testcase classname="backend.tests.test_driver_performance.TestDriverPerformanceShape" name="test_recent_deliveries_shape" time="0.057" /><testcase classname="backend.tests.test_driver_performance.TestP0Regression" name="test_login_returns_token" time="0.301" /><testcase classname="backend.tests.test_driver_performance.TestP0Regression" name="test_orders_available_with_driver" time="0.053" /><testcase classname="backend.tests.test_driver_performance.TestP0Regression" name="test_shipper_create_with_idempotency_key" time="0.109" /><testcase classname="backend.tests.test_driver_performance.TestP0Regression" name="test_accept_advance_events_flow" time="0.251" /></testsuite></testsuites>