<?xml version="1.0" encoding="utf-8"?><testsuites name="pytest tests"><testsuite name="pytest" errors="0" failures="0" skipped="0" tests="11" time="2.408" timestamp="2026-05-29T15:25:36.611841+00:00" hostname="agent-env-c13770aa-1a0b-4cda-b566-e1936f307470"><testcase classname="backend.tests.test_push_and_lifecycle_regression.TestRegisterPush" name="test_missing_all_fields_422" time="0.224" /><testcase classname="backend.tests.test_push_and_lifecycle_regression.TestRegisterPush" name="test_missing_device_token_422" time="0.048" /><testcase classname="backend.tests.test_push_and_lifecycle_regression.TestRegisterPush" name="test_missing_platform_422" time="0.056" /><testcase classname="backend.tests.test_push_and_lifecycle_regression.TestRegisterPush" name="test_missing_user_id_422" time="0.049" /><testcase classname="backend.tests.test_push_and_lifecycle_regression.TestRegisterPush" name="test_valid_body_reaches_relay" time="0.118" /><testcase classname="backend.tests.test_push_and_lifecycle_regression.TestLifecycleRegression" name="test_shipper_create_returns_200_with_expected_fields" time="0.325" /><testcase classname="backend.tests.test_push_and_lifecycle_regression.TestLifecycleRegression" name="test_full_lifecycle_unaffected_by_push" time="0.730" /><testcase classname="backend.tests.test_push_and_lifecycle_regression.TestLifecycleRegression" name="test_earnings_increment_after_delivered" time="0.515" /><testcase classname="backend.tests.test_push_and_lifecycle_regression.TestExistingEndpointsRegression" name="test_orders_available" time="0.060" /><testcase classname="backend.tests.test_push_and_lifecycle_regression.TestExistingEndpointsRegression" name="test_driver_performance_200" time="0.049" /><testcase classname="backend.tests.test_push_and_lifecycle_regression.TestExistingEndpointsRegression" name="test_order_events_endpoint" time="0.145" /></testsuite></testsuites>