<?xml version="1.0" encoding="utf-8"?><testsuites name="pytest tests"><testsuite name="pytest" errors="0" failures="0" skipped="0" tests="19" time="0.704" timestamp="2026-05-31T16:49:00.383436+00:00" hostname="agent-env-c13770aa-1a0b-4cda-b566-e1936f307470"><testcase classname="backend.tests.test_admin_dashboard.TestAuthGate" name="test_overview_requires_auth" time="0.007" /><testcase classname="backend.tests.test_admin_dashboard.TestAuthGate" name="test_manage_drivers_requires_auth" time="0.002" /><testcase classname="backend.tests.test_admin_dashboard.TestAuthGate" name="test_invalid_password_rejected" time="0.002" /><testcase classname="backend.tests.test_admin_dashboard.TestOverview" name="test_overview_shape" time="0.015" /><testcase classname="backend.tests.test_admin_dashboard.TestDriversMgmt" name="test_list_drivers" time="0.003" /><testcase classname="backend.tests.test_admin_dashboard.TestDriversMgmt" name="test_list_drivers_status_filter" time="0.011" /><testcase classname="backend.tests.test_admin_dashboard.TestDriversMgmt" name="test_list_drivers_search_and_paginate" time="0.003" /><testcase classname="backend.tests.test_admin_dashboard.TestDriversMgmt" name="test_driver_detail_and_patch_and_suspend_activate" time="0.031" /><testcase classname="backend.tests.test_admin_dashboard.TestShippersMgmt" name="test_list_shippers" time="0.003" /><testcase classname="backend.tests.test_admin_dashboard.TestShippersMgmt" name="test_shipper_detail_patch_suspend_activate" time="0.022" /><testcase classname="backend.tests.test_admin_dashboard.TestOrdersMgmt" name="test_list_orders" time="0.003" /><testcase classname="backend.tests.test_admin_dashboard.TestOrdersMgmt" name="test_order_detail" time="0.005" /><testcase classname="backend.tests.test_admin_dashboard.TestOrdersMgmt" name="test_cancel_already_delivered_rejected" time="0.004" /><testcase classname="backend.tests.test_admin_dashboard.TestOrdersMgmt" name="test_reassign_unknown_driver_404" time="0.005" /><testcase classname="backend.tests.test_admin_dashboard.TestOrdersMgmt" name="test_cancel_pending_then_check_persistence" time="0.248" /><testcase classname="backend.tests.test_admin_dashboard.TestVehicles" name="test_list_vehicles" time="0.002" /><testcase classname="backend.tests.test_admin_dashboard.TestVehicles" name="test_vehicle_type_filter" time="0.002" /><testcase classname="backend.tests.test_admin_dashboard.TestSuspensionEnforcement" name="test_suspended_driver_cannot_go_online" time="0.233" /><testcase classname="backend.tests.test_admin_dashboard.TestSuspensionEnforcement" name="test_suspended_shipper_cannot_create_shipment" time="0.008" /></testsuite></testsuites>