<?xml version="1.0" encoding="utf-8"?><testsuites name="pytest tests"><testsuite name="pytest" errors="0" failures="0" skipped="0" tests="17" time="4.954" timestamp="2026-06-01T10:32:41.960963+00:00" hostname="agent-env-c13770aa-1a0b-4cda-b566-e1936f307470"><testcase classname="backend.tests.test_admin_stripe_settings.TestAdminStripeSettingsAuth" name="test_get_requires_auth" time="0.712" /><testcase classname="backend.tests.test_admin_stripe_settings.TestAdminStripeSettingsAuth" name="test_get_rejects_non_admin" time="0.334" /><testcase classname="backend.tests.test_admin_stripe_settings.TestAdminStripeSettingsAuth" name="test_post_requires_auth" time="0.048" /><testcase classname="backend.tests.test_admin_stripe_settings.TestAdminStripeSettingsGet" name="test_get_returns_masked_status" time="0.094" /><testcase classname="backend.tests.test_admin_stripe_settings.TestAdminStripeSettingsGet" name="test_keys_are_masked_not_full" time="0.045" /><testcase classname="backend.tests.test_admin_stripe_settings.TestAdminStripeSettingsValidation" name="test_switch_to_live_without_live_key_rejected" time="0.090" /><testcase classname="backend.tests.test_admin_stripe_settings.TestAdminStripeSettingsValidation" name="test_bad_test_secret_key_rejected" time="0.249" /><testcase classname="backend.tests.test_admin_stripe_settings.TestAdminStripeSettingsValidation" name="test_wrong_prefix_for_live_key_rejected" time="0.046" /><testcase classname="backend.tests.test_admin_stripe_settings.TestAdminStripeSettingsValidation" name="test_invalid_mode_value_rejected" time="0.044" /><testcase classname="backend.tests.test_admin_stripe_settings.TestAdminStripeSettingsWebhookPersistence" name="test_set_webhook_secret_persists" time="0.134" /><testcase classname="backend.tests.test_admin_stripe_settings.TestPaymentsConfigRegression" name="test_payments_config" time="0.046" /><testcase classname="backend.tests.test_admin_stripe_settings.TestAuthorizeAndCaptureRegression" name="test_authorize_then_admin_capture" time="2.439" /><testcase classname="backend.tests.test_admin_stripe_settings.TestWalletRegression" name="test_wallet_driver_shape" time="0.320" /><testcase classname="backend.tests.test_admin_stripe_settings.TestWalletRegression" name="test_withdraw_below_min" time="0.045" /><testcase classname="backend.tests.test_admin_stripe_settings.TestWalletRegression" name="test_withdraw_above_balance" time="0.050" /><testcase classname="backend.tests.test_admin_stripe_settings.TestWalletRegression" name="test_withdraw_valid" time="0.099" /><testcase classname="backend.tests.test_admin_stripe_settings.TestAdminFinancialsRegression" name="test_overview_kpis_shape" time="0.055" /></testsuite></testsuites>