<?xml version="1.0" encoding="utf-8"?><testsuites name="pytest tests"><testsuite name="pytest" errors="0" failures="0" skipped="0" tests="6" time="1.274" timestamp="2026-06-07T12:03:05.451406+00:00" hostname="agent-env-c13770aa-1a0b-4cda-b566-e1936f307470"><testcase classname="backend.tests.test_scheduled_pickup_and_payment_return.TestScheduledPickupPersistence" name="test_create_with_custom_scheduled_pickup" time="0.908" /><testcase classname="backend.tests.test_scheduled_pickup_and_payment_return.TestScheduledPickupPersistence" name="test_create_asap_null_scheduled_pickup_still_works" time="0.106" /><testcase classname="backend.tests.test_scheduled_pickup_and_payment_return.TestPaymentsReturnEndpoint" name="test_success_with_redirect_returns_html_with_deeplink" time="0.047" /><testcase classname="backend.tests.test_scheduled_pickup_and_payment_return.TestPaymentsReturnEndpoint" name="test_cancel_with_redirect_returns_html" time="0.046" /><testcase classname="backend.tests.test_scheduled_pickup_and_payment_return.TestPaymentsReturnEndpoint" name="test_without_redirect_returns_plain_status_page" time="0.044" /><testcase classname="backend.tests.test_scheduled_pickup_and_payment_return.TestPaymentsReturnEndpoint" name="test_without_any_params_does_not_crash" time="0.047" /></testsuite></testsuites>