<?xml version="1.0" encoding="utf-8"?><testsuites name="pytest tests"><testsuite name="pytest" errors="0" failures="0" skipped="0" tests="11" time="6.232" timestamp="2026-06-30T10:40:36.924527+00:00" hostname="agent-env-c13770aa-1a0b-4cda-b566-e1936f307470"><testcase classname="backend.tests.test_iter53_login_security.TestLoginRegression" name="test_driver_login_ok_and_me" time="0.545" /><testcase classname="backend.tests.test_iter53_login_security.TestLoginRegression" name="test_shipper_login_ok_and_me" time="0.320" /><testcase classname="backend.tests.test_iter53_login_security.TestLoginRegression" name="test_admin_login_ok_and_protected" time="0.109" /><testcase classname="backend.tests.test_iter53_login_security.TestRateLimiting" name="test_driver_login_rate_limit_429_on_6th" time="0.298" /><testcase classname="backend.tests.test_iter53_login_security.TestRateLimiting" name="test_shipper_login_rate_limit_429_on_6th" time="0.292" /><testcase classname="backend.tests.test_iter53_login_security.TestRateLimiting" name="test_admin_login_rate_limit_429_on_6th" time="0.333" /><testcase classname="backend.tests.test_iter53_login_security.TestRateLimiting" name="test_rate_limit_isolation_across_emails" time="0.347" /><testcase classname="backend.tests.test_iter53_login_security.TestRateLimiting" name="test_successful_login_resets_throttle" time="2.454" /><testcase classname="backend.tests.test_iter53_login_security.TestSuspendedAccountBlock" name="test_suspended_driver_blocked_then_reactivated" time="1.001" /><testcase classname="backend.tests.test_iter53_login_security.TestCorsAndReachability" name="test_api_reachable_no_cors_breakage" time="0.050" /><testcase classname="backend.tests.test_iter53_login_security.TestCorsAndReachability" name="test_login_with_origin_header_still_works" time="0.394" /></testsuite></testsuites>