<?xml version="1.0" encoding="utf-8"?><testsuites name="pytest tests"><testsuite name="pytest" errors="0" failures="0" skipped="0" tests="12" time="1.747" timestamp="2026-06-30T08:12:23.320590+00:00" hostname="agent-env-c13770aa-1a0b-4cda-b566-e1936f307470"><testcase classname="backend.tests.test_iter48_marketplace_phase_b.TestRecommend" name="test_recommend_happy_path_helsinki" time="0.236" /><testcase classname="backend.tests.test_iter48_marketplace_phase_b.TestRecommend" name="test_recommend_four_tiers_ordering" time="0.048" /><testcase classname="backend.tests.test_iter48_marketplace_phase_b.TestRecommend" name="test_region_resolution[60.17-24.94-helsinki-Uusimaa]" time="0.044" /><testcase classname="backend.tests.test_iter48_marketplace_phase_b.TestRecommend" name="test_region_resolution[61.5-23.76-tampere-Pirkanmaa]" time="0.047" /><testcase classname="backend.tests.test_iter48_marketplace_phase_b.TestRecommend" name="test_region_resolution[60.45-22.27-turku-Varsinais-Suomi]" time="0.050" /><testcase classname="backend.tests.test_iter48_marketplace_phase_b.TestRecommend" name="test_recommend_invalid_vehicle" time="0.042" /><testcase classname="backend.tests.test_iter48_marketplace_phase_b.TestMatch" name="test_match_requires_driver_auth" time="0.042" /><testcase classname="backend.tests.test_iter48_marketplace_phase_b.TestMatch" name="test_match_unknown_order_returns_404" time="0.315" /><testcase classname="backend.tests.test_iter48_marketplace_phase_b.TestMatch" name="test_match_default_no_empty" time="0.513" /><testcase classname="backend.tests.test_iter48_marketplace_phase_b.TestMatch" name="test_match_empty_true_applies_discount" time="0.185" /><testcase classname="backend.tests.test_iter48_marketplace_phase_b.TestMatch" name="test_match_route_match_with_location" time="0.093" /><testcase classname="backend.tests.test_iter48_marketplace_phase_b.TestRegressionPhaseA" name="test_legacy_quote_works" time="0.045" /></testsuite></testsuites>