<?xml version="1.0" encoding="utf-8"?><testsuites name="pytest tests"><testsuite name="pytest" errors="0" failures="1" skipped="0" tests="18" time="21.011" timestamp="2026-06-27T11:44:49.335568+00:00" hostname="agent-env-c13770aa-1a0b-4cda-b566-e1936f307470"><testcase classname="backend.tests.test_iter43_refunds_and_webhook.TestRefundAuth" name="test_refund_requires_token" time="0.247" /><testcase classname="backend.tests.test_iter43_refunds_and_webhook.TestRefundAuth" name="test_refund_rejects_shipper" time="0.315" /><testcase classname="backend.tests.test_iter43_refunds_and_webhook.TestRefundAuth" name="test_refund_rejects_driver" time="0.302" /><testcase classname="backend.tests.test_iter43_refunds_and_webhook.TestFullRefund" name="test_full_refund_flips_order_to_refunded" time="3.565" /><testcase classname="backend.tests.test_iter43_refunds_and_webhook.TestFullRefund" name="test_full_refund_creates_negative_ledger_entry" time="0.001" /><testcase classname="backend.tests.test_iter43_refunds_and_webhook.TestFullRefund" name="test_refund_already_fully_refunded_returns_400" time="0.041" /><testcase classname="backend.tests.test_iter43_refunds_and_webhook.TestPartialRefund" name="test_partial_refund_keeps_captured_status" time="3.405" /><testcase classname="backend.tests.test_iter43_refunds_and_webhook.TestPartialRefund" name="test_over_amount_refund_returns_400" time="0.041" /><testcase classname="backend.tests.test_iter43_refunds_and_webhook.TestRefundOnNonCaptured" name="test_refund_unpaid_order_returns_400" time="0.107" /><testcase classname="backend.tests.test_iter43_refunds_and_webhook.TestRefundOnNonCaptured" name="test_refund_authorized_only_order_returns_400" time="0.864" /><testcase classname="backend.tests.test_iter43_refunds_and_webhook.TestRefundIdempotency" name="test_refund_ledger_dedup_by_stripe_refund_id" time="4.478" /><testcase classname="backend.tests.test_iter43_refunds_and_webhook.TestDriverWalletAfterRefund" name="test_full_refund_excludes_from_driver_wallet" time="4.409"><failure message="AssertionError: BUG: refunded order still counted in /driver/wallet: before=4196.65 after_refund=4254.95 (after_cap=4254.95)&#10;assert 4254.95 &lt;= (4196.65 + 0.05)">backend/tests/test_iter43_refunds_and_webhook.py:324: in test_full_refund_excludes_from_driver_wallet
    assert after_refund_total &lt;= before_total + 0.05, (
E   AssertionError: BUG: refunded order still counted in /driver/wallet: before=4196.65 after_refund=4254.95 (after_cap=4254.95)
E   assert 4254.95 &lt;= (4196.65 + 0.05)</failure></testcase><testcase classname="backend.tests.test_iter43_refunds_and_webhook.TestWebhookDedupe" name="test_webhook_dedupe_same_event_id" time="0.092" /><testcase classname="backend.tests.test_iter43_refunds_and_webhook.TestWebhookHandlers" name="test_payment_failed_sets_payment_failed_status" time="0.108" /><testcase classname="backend.tests.test_iter43_refunds_and_webhook.TestWebhookHandlers" name="test_dispute_created_sets_has_dispute" time="0.149" /><testcase classname="backend.tests.test_iter43_refunds_and_webhook.TestWebhookHandlers" name="test_charge_refunded_applies_refund" time="1.997" /><testcase classname="backend.tests.test_iter43_refunds_and_webhook.TestRegression" name="test_payments_config" time="0.039" /><testcase classname="backend.tests.test_iter43_refunds_and_webhook.TestRegression" name="test_checkout_then_status" time="0.666" /></testsuite></testsuites>