<?xml version="1.0" encoding="utf-8"?><testsuites name="pytest tests"><testsuite name="pytest" errors="0" failures="0" skipped="1" tests="10" time="9.456" timestamp="2026-05-31T14:22:39.875503+00:00" hostname="agent-env-c13770aa-1a0b-4cda-b566-e1936f307470"><testcase classname="backend.tests.test_iter10_profile_vehicles.TestDriverVehicles" name="test_driver_me_has_vehicles_array" time="0.523" /><testcase classname="backend.tests.test_iter10_profile_vehicles.TestDriverVehicles" name="test_add_vehicle_invalid_type_400" time="0.141" /><testcase classname="backend.tests.test_iter10_profile_vehicles.TestDriverVehicles" name="test_add_set_primary_update_delete_full_flow" time="1.330" /><testcase classname="backend.tests.test_iter10_profile_vehicles.TestDriverVehicles" name="test_cannot_delete_last_vehicle" time="0.261" /><testcase classname="backend.tests.test_iter10_profile_vehicles.TestChangePassword" name="test_driver_change_password_full_cycle" time="2.989" /><testcase classname="backend.tests.test_iter10_profile_vehicles.TestChangePassword" name="test_shipper_change_password_full_cycle" time="2.922" /><testcase classname="backend.tests.test_iter10_profile_vehicles.TestProfileEdit" name="test_patch_driver_me_with_avatar" time="0.497" /><testcase classname="backend.tests.test_iter10_profile_vehicles.TestProfileEdit" name="test_patch_shipper_me_with_avatar" time="0.340" /><testcase classname="backend.tests.test_iter10_profile_vehicles.TestOrderLifecycleRegression" name="test_available_orders_uses_primary_vehicle" time="0.216" /><testcase classname="backend.tests.test_iter10_profile_vehicles.TestOrderLifecycleRegression" name="test_full_order_lifecycle" time="0.111"><skipped type="pytest.skip" message="create-shipment unavailable: 404 {&quot;detail&quot;:&quot;Not Found&quot;}">/app/backend/tests/test_iter10_profile_vehicles.py:412: create-shipment unavailable: 404 {"detail":"Not Found"}</skipped></testcase></testsuite></testsuites>