<?xml version="1.0" encoding="utf-8"?><testsuites name="pytest tests"><testsuite name="pytest" errors="0" failures="0" skipped="0" tests="8" time="2.654" timestamp="2026-06-17T23:38:46.147508+00:00" hostname="agent-env-c13770aa-1a0b-4cda-b566-e1936f307470"><testcase classname="backend.tests.test_iter35_fleet_phase2.TestSelfAcceptRecordsFleetFields" name="test_self_accept_sets_assigned_fields" time="0.860" /><testcase classname="backend.tests.test_iter35_fleet_phase2.TestOwnerAssignMode" name="test_owner_assign_blocks_self_accept" time="0.176" /><testcase classname="backend.tests.test_iter35_fleet_phase2.TestOwnerAssignMode" name="test_owner_assign_endpoint_succeeds" time="0.118" /><testcase classname="backend.tests.test_iter35_fleet_phase2.TestOwnerAssignMode" name="test_reset_mode_self_accept" time="0.052" /><testcase classname="backend.tests.test_iter35_fleet_phase2.TestCompanyJobsVisibility" name="test_owner_can_list_jobs_with_stats" time="0.056" /><testcase classname="backend.tests.test_iter35_fleet_phase2.TestCompanyJobsVisibility" name="test_non_owner_driver_gets_403" time="0.758" /><testcase classname="backend.tests.test_iter35_fleet_phase2.TestVehicleAudit" name="test_assigned_vehicle_id_recorded_on_accept" time="0.472" /><testcase classname="backend.tests.test_iter35_fleet_phase2.TestSeedEndpoint" name="test_seed_new_pending" time="0.060" /></testsuite></testsuites>