<?xml version="1.0" encoding="utf-8"?><testsuites name="pytest tests"><testsuite name="pytest" errors="0" failures="0" skipped="0" tests="9" time="1.675" timestamp="2026-06-30T08:43:06.222706+00:00" hostname="agent-env-c13770aa-1a0b-4cda-b566-e1936f307470"><testcase classname="backend.tests.test_iter50_phase_def" name="test_match_reputation_breakdown_line" time="0.629" /><testcase classname="backend.tests.test_iter50_phase_def" name="test_match_empty_toggle_changes_price" time="0.090" /><testcase classname="backend.tests.test_iter50_phase_def" name="test_match_includes_market_heat" time="0.048" /><testcase classname="backend.tests.test_iter50_phase_def" name="test_bundle_suggestions_shape" time="0.045" /><testcase classname="backend.tests.test_iter50_phase_def" name="test_bundle_404_unknown" time="0.045" /><testcase classname="backend.tests.test_iter50_phase_def" name="test_recommend_includes_auto_tune_neutral" time="0.250" /><testcase classname="backend.tests.test_iter50_phase_def" name="test_create_shipment_records_signal" time="0.386" /><testcase classname="backend.tests.test_iter50_phase_def" name="test_recommend_regression_shape" time="0.046" /><testcase classname="backend.tests.test_iter50_phase_def" name="test_match_regression_shape" time="0.048" /></testsuite></testsuites>