<?xml version="1.0" encoding="utf-8"?><testsuites name="pytest tests"><testsuite name="pytest" errors="0" failures="0" skipped="0" tests="3" time="1.940" timestamp="2026-06-10T08:51:01.184795+00:00" hostname="agent-env-c13770aa-1a0b-4cda-b566-e1936f307470"><testcase classname="backend.tests.test_iter28_crash_fix_and_feed.TestAvailableFeed" name="test_available_feed_returns_200_with_jobs" time="0.618" /><testcase classname="backend.tests.test_iter28_crash_fix_and_feed.TestAdminCancelIsolation" name="test_admin_cancel_does_not_hide_other_jobs" time="0.994" /><testcase classname="backend.tests.test_iter28_crash_fix_and_feed.TestDriverAcceptRegression" name="test_demo_driver_can_accept_a_job" time="0.203" /></testsuite></testsuites>