<?xml version="1.0" encoding="utf-8"?><testsuites name="pytest tests"><testsuite name="pytest" errors="0" failures="1" skipped="0" tests="9" time="2.689" timestamp="2026-06-30T06:57:48.939919+00:00" hostname="agent-env-c13770aa-1a0b-4cda-b566-e1936f307470"><testcase classname="tests.test_iter45_weight_bank_webhook.TestRequiredWeight" name="test_missing_weight_rejected" time="0.617" /><testcase classname="tests.test_iter45_weight_bank_webhook.TestRequiredWeight" name="test_zero_weight_rejected" time="0.146" /><testcase classname="tests.test_iter45_weight_bank_webhook.TestRequiredWeight" name="test_negative_weight_rejected" time="0.097" /><testcase classname="tests.test_iter45_weight_bank_webhook.TestRequiredWeight" name="test_valid_weight_creates" time="0.161"><failure message="AssertionError: {'base_price': 79.35, 'breakdown': {'actual_weight_kg': 250.0, 'base_fee': 12.0, 'chargeable_basis': 'actual', 'chargeable_weight': 250.0, ...}, 'distance_km': 28.61, 'dropoff_otp': '8120', ...}&#10;assert None&#10; +  where None = &lt;built-in method get of dict object at 0xf95bc9652a80&gt;('id')&#10; +    where &lt;built-in method get of dict object at 0xf95bc9652a80&gt; = (None or {'base_price': 79.35, 'breakdown': {'actual_weight_kg': 250.0, 'base_fee': 12.0, 'chargeable_basis': 'actual', 'chargeable_weight': 250.0, ...}, 'distance_km': 28.61, 'dropoff_otp': '8120', ...}).get&#10; +      where None = &lt;built-in method get of dict object at 0xf95bc9652a80&gt;('order')&#10; +        where &lt;built-in method get of dict object at 0xf95bc9652a80&gt; = {'base_price': 79.35, 'breakdown': {'actual_weight_kg': 250.0, 'base_fee': 12.0, 'chargeable_basis': 'actual', 'chargeable_weight': 250.0, ...}, 'distance_km': 28.61, 'dropoff_otp': '8120', ...}.get">tests/test_iter45_weight_bank_webhook.py:104: in test_valid_weight_creates
    assert (body.get("order") or body).get("id"), body
E   AssertionError: {'base_price': 79.35, 'breakdown': {'actual_weight_kg': 250.0, 'base_fee': 12.0, 'chargeable_basis': 'actual', 'chargeable_weight': 250.0, ...}, 'distance_km': 28.61, 'dropoff_otp': '8120', ...}
E   assert None
E    +  where None = &lt;built-in method get of dict object at 0xf95bc9652a80&gt;('id')
E    +    where &lt;built-in method get of dict object at 0xf95bc9652a80&gt; = (None or {'base_price': 79.35, 'breakdown': {'actual_weight_kg': 250.0, 'base_fee': 12.0, 'chargeable_basis': 'actual', 'chargeable_weight': 250.0, ...}, 'distance_km': 28.61, 'dropoff_otp': '8120', ...}).get
E    +      where None = &lt;built-in method get of dict object at 0xf95bc9652a80&gt;('order')
E    +        where &lt;built-in method get of dict object at 0xf95bc9652a80&gt; = {'base_price': 79.35, 'breakdown': {'actual_weight_kg': 250.0, 'base_fee': 12.0, 'chargeable_basis': 'actual', 'chargeable_weight': 250.0, ...}, 'distance_km': 28.61, 'dropoff_otp': '8120', ...}.get</failure></testcase><testcase classname="tests.test_iter45_weight_bank_webhook.TestQuoteReflectsWeight" name="test_quote_price_changes_with_weight" time="0.204" /><testcase classname="tests.test_iter45_weight_bank_webhook.TestBankDetailsPersistence" name="test_payout_saves_bank_details" time="0.684" /><testcase classname="tests.test_iter45_weight_bank_webhook.TestEditBankDetailsProfile" name="test_patch_driver_me_updates_bank_details" time="0.198" /><testcase classname="tests.test_iter45_weight_bank_webhook.TestStripeWebhookSecret" name="test_save_and_persist_webhook_secret" time="0.373" /><testcase classname="tests.test_iter45_weight_bank_webhook.TestWalletExcludesRefunds" name="test_driver_wallet_endpoint_ok" time="0.109" /></testsuite></testsuites>