<?xml version="1.0" encoding="utf-8"?><testsuites name="pytest tests"><testsuite name="pytest" errors="0" failures="0" skipped="0" tests="22" time="2.377" timestamp="2026-06-25T15:01:44.296778+00:00" hostname="agent-env-c13770aa-1a0b-4cda-b566-e1936f307470"><testcase classname="backend.tests.test_refactor_regression.TestAuth" name="test_driver_login" time="0.900" /><testcase classname="backend.tests.test_refactor_regression.TestAuth" name="test_shipper_login" time="0.000" /><testcase classname="backend.tests.test_refactor_regression.TestAuth" name="test_admin_login" time="0.000" /><testcase classname="backend.tests.test_refactor_regression.TestDriverDomain" name="test_driver_me" time="0.047" /><testcase classname="backend.tests.test_refactor_regression.TestDriverDomain" name="test_orders_active" time="0.048" /><testcase classname="backend.tests.test_refactor_regression.TestDriverDomain" name="test_orders_available" time="0.049" /><testcase classname="backend.tests.test_refactor_regression.TestDriverDomain" name="test_driver_wallet" time="0.057" /><testcase classname="backend.tests.test_refactor_regression.TestDriverDomain" name="test_notifications" time="0.048" /><testcase classname="backend.tests.test_refactor_regression.TestShipperDomain" name="test_shipper_me" time="0.047" /><testcase classname="backend.tests.test_refactor_regression.TestShipperDomain" name="test_shipper_shipments" time="0.094" /><testcase classname="backend.tests.test_refactor_regression.TestShipperDomain" name="test_shipper_receipts" time="0.049" /><testcase classname="backend.tests.test_refactor_regression.TestShipperDomain" name="test_create_shipment" time="0.323" /><testcase classname="backend.tests.test_refactor_regression.TestOrderLifecycle" name="test_driver_can_accept_and_advance" time="0.141" /><testcase classname="backend.tests.test_refactor_regression.TestAdminDomain" name="test_admin_overview" time="0.064" /><testcase classname="backend.tests.test_refactor_regression.TestAdminDomain" name="test_admin_manage_orders" time="0.047" /><testcase classname="backend.tests.test_refactor_regression.TestAdminDomain" name="test_admin_invoices" time="0.051" /><testcase classname="backend.tests.test_refactor_regression.TestAdminDomain" name="test_admin_receipts" time="0.062" /><testcase classname="backend.tests.test_refactor_regression.TestAdminDomain" name="test_admin_email_templates" time="0.043" /><testcase classname="backend.tests.test_refactor_regression.TestCompanyPaymentsRegistration" name="test_company_root_registered" time="0.043" /><testcase classname="backend.tests.test_refactor_regression.TestCompanyPaymentsRegistration" name="test_company_drivers_registered" time="0.085" /><testcase classname="backend.tests.test_refactor_regression.TestCompanyPaymentsRegistration" name="test_company_vehicles_registered" time="0.047" /><testcase classname="backend.tests.test_refactor_regression.TestCompanyPaymentsRegistration" name="test_payments_config_registered" time="0.042" /></testsuite></testsuites>