<?xml version="1.0" encoding="utf-8"?><testsuites name="pytest tests"><testsuite name="pytest" errors="0" failures="0" skipped="1" tests="10" time="42.517" timestamp="2026-05-30T11:58:41.065125+00:00" hostname="agent-env-c13770aa-1a0b-4cda-b566-e1936f307470"><testcase classname="tests.test_iter10_profile_vehicles.TestDriverVehicles" name="test_driver_me_has_vehicles_array" time="0.474" /><testcase classname="tests.test_iter10_profile_vehicles.TestDriverVehicles" name="test_add_vehicle_invalid_type_400" time="0.098" /><testcase classname="tests.test_iter10_profile_vehicles.TestDriverVehicles" name="test_add_set_primary_update_delete_full_flow" time="1.246" /><testcase classname="tests.test_iter10_profile_vehicles.TestDriverVehicles" name="test_cannot_delete_last_vehicle" time="0.197" /><testcase classname="tests.test_iter10_profile_vehicles.TestChangePassword" name="test_driver_change_password_full_cycle" time="29.209" /><testcase classname="tests.test_iter10_profile_vehicles.TestChangePassword" name="test_shipper_change_password_full_cycle" time="2.924" /><testcase classname="tests.test_iter10_profile_vehicles.TestProfileEdit" name="test_patch_driver_me_with_avatar" time="0.430" /><testcase classname="tests.test_iter10_profile_vehicles.TestProfileEdit" name="test_patch_shipper_me_with_avatar" time="0.307" /><testcase classname="tests.test_iter10_profile_vehicles.TestOrderLifecycleRegression" name="test_available_orders_uses_primary_vehicle" time="7.396" /><testcase classname="tests.test_iter10_profile_vehicles.TestOrderLifecycleRegression" name="test_full_order_lifecycle" time="0.101"><skipped type="pytest.skip" message="create-shipment unavailable: 404 {&quot;detail&quot;:&quot;Not Found&quot;}">/app/backend/tests/test_iter10_profile_vehicles.py:412: create-shipment unavailable: 404 {"detail":"Not Found"}</skipped></testcase></testsuite></testsuites>