<?xml version="1.0" encoding="utf-8"?><testsuites name="pytest tests"><testsuite name="pytest" errors="0" failures="0" skipped="0" tests="16" time="5.380" timestamp="2026-05-29T18:22:38.380800+00:00" hostname="agent-env-c13770aa-1a0b-4cda-b566-e1936f307470"><testcase classname="backend.tests.test_pricing_and_iter9.TestPricingQuote" name="test_quote_known_case_cargo_van_22km_80kg_standard" time="0.351" /><testcase classname="backend.tests.test_pricing_and_iter9.TestPricingQuote" name="test_urgency_multiplier_scales_total[express-1.3]" time="0.234" /><testcase classname="backend.tests.test_pricing_and_iter9.TestPricingQuote" name="test_urgency_multiplier_scales_total[priority-1.5]" time="0.238" /><testcase classname="backend.tests.test_pricing_and_iter9.TestPricingQuote" name="test_urgency_multiplier_scales_total[emergency-2.0]" time="0.232" /><testcase classname="backend.tests.test_pricing_and_iter9.TestPricingQuote" name="test_special_vehicle_multiplier[refrigerated-1.15]" time="0.106" /><testcase classname="backend.tests.test_pricing_and_iter9.TestPricingQuote" name="test_special_vehicle_multiplier[hazmat-1.35]" time="0.110" /><testcase classname="backend.tests.test_pricing_and_iter9.TestPricingQuote" name="test_special_vehicle_multiplier[crane_truck-1.25]" time="0.119" /><testcase classname="backend.tests.test_pricing_and_iter9.TestPricingQuote" name="test_special_vehicle_multiplier[tanker-1.2]" time="0.119" /><testcase classname="backend.tests.test_pricing_and_iter9.TestPricingQuote" name="test_special_handling_adds_15pct" time="0.229" /><testcase classname="backend.tests.test_pricing_and_iter9.TestCreateShipment" name="test_create_with_offer_breakdown_and_tip" time="0.571" /><testcase classname="backend.tests.test_pricing_and_iter9.TestAvailableAndNoReseed" name="test_available_without_coords" time="0.100" /><testcase classname="backend.tests.test_pricing_and_iter9.TestAvailableAndNoReseed" name="test_available_with_coords_filters_radius" time="0.219" /><testcase classname="backend.tests.test_pricing_and_iter9.TestAvailableAndNoReseed" name="test_complete_delivery_does_not_seed_replacement" time="1.504" /><testcase classname="backend.tests.test_pricing_and_iter9.TestDriverPerformance" name="test_performance_populated" time="0.115" /><testcase classname="backend.tests.test_pricing_and_iter9.TestRegression" name="test_register_push_422_missing_body" time="0.111" /><testcase classname="backend.tests.test_pricing_and_iter9.TestRegression" name="test_order_lifecycle_end_to_end" time="0.915" /></testsuite></testsuites>