<?xml version="1.0" encoding="utf-8"?><testsuites name="pytest tests"><testsuite name="pytest" errors="0" failures="0" skipped="0" tests="7" time="0.946" timestamp="2026-06-08T12:44:50.121765+00:00" hostname="agent-env-c13770aa-1a0b-4cda-b566-e1936f307470"><testcase classname="backend.tests.test_marketplace_visibility" name="test_orders_pending_returns_object" time="0.232" /><testcase classname="backend.tests.test_marketplace_visibility" name="test_orders_available_non_empty_for_driver" time="0.333" /><testcase classname="backend.tests.test_marketplace_visibility" name="test_orders_available_no_auth_also_works" time="0.054" /><testcase classname="backend.tests.test_marketplace_visibility" name="test_orders_available_includes_unpaid_pending" time="0.055" /><testcase classname="backend.tests.test_marketplace_visibility" name="test_orders_available_contains_shipper_created" time="0.056" /><testcase classname="backend.tests.test_marketplace_visibility" name="test_orders_available_matched_for_driver" time="0.050" /><testcase classname="backend.tests.test_marketplace_visibility" name="test_orders_available_matched_requires_auth" time="0.046" /></testsuite></testsuites>