<?xml version="1.0" encoding="utf-8"?><testsuites name="pytest tests"><testsuite name="pytest" errors="0" failures="0" skipped="0" tests="21" time="16.985" timestamp="2026-06-21T07:57:53.242488+00:00" hostname="agent-env-c13770aa-1a0b-4cda-b566-e1936f307470"><testcase classname="backend.tests.test_iter37_email_receipts_pop.TestEmailRegistration" name="test_driver_register_creates_welcome_email_log" time="3.579" /><testcase classname="backend.tests.test_iter37_email_receipts_pop.TestEmailRegistration" name="test_shipper_register_creates_welcome_email_log" time="3.304" /><testcase classname="backend.tests.test_iter37_email_receipts_pop.TestEmailLogsEndpoint" name="test_email_logs_shape" time="0.041" /><testcase classname="backend.tests.test_iter37_email_receipts_pop.TestEmailLogsEndpoint" name="test_email_logs_status_filter" time="0.039" /><testcase classname="backend.tests.test_iter37_email_receipts_pop.TestEmailLogsEndpoint" name="test_email_logs_q_filter" time="0.039" /><testcase classname="backend.tests.test_iter37_email_receipts_pop.TestEmailLogsEndpoint" name="test_email_logs_requires_admin" time="0.381" /><testcase classname="backend.tests.test_iter37_email_receipts_pop.TestReceiptsAdmin" name="test_admin_receipts_shape" time="0.081" /><testcase classname="backend.tests.test_iter37_email_receipts_pop.TestReceiptsAdmin" name="test_admin_receipts_filter_doc_type" time="0.078" /><testcase classname="backend.tests.test_iter37_email_receipts_pop.TestReceiptsAdmin" name="test_admin_receipts_requires_admin" time="0.383" /><testcase classname="backend.tests.test_iter37_email_receipts_pop.TestWithdrawalDocs" name="test_withdrawal_invoice_created" time="4.300" /><testcase classname="backend.tests.test_iter37_email_receipts_pop.TestWithdrawalDocs" name="test_withdrawal_receipt_created" time="0.080" /><testcase classname="backend.tests.test_iter37_email_receipts_pop.TestReceiptPDF" name="test_pdf_admin_ok" time="0.081" /><testcase classname="backend.tests.test_iter37_email_receipts_pop.TestReceiptPDF" name="test_pdf_no_token_401" time="0.180" /><testcase classname="backend.tests.test_iter37_email_receipts_pop.TestReceiptPDF" name="test_pdf_non_owner_403" time="0.119" /><testcase classname="backend.tests.test_iter37_email_receipts_pop.TestReceiptResend" name="test_admin_resend" time="0.144" /><testcase classname="backend.tests.test_iter37_email_receipts_pop.TestShipperAcceptInvoice" name="test_accept_invoice_returns_invoice" time="3.197" /><testcase classname="backend.tests.test_iter37_email_receipts_pop.TestAuthRegression" name="test_admin_login" time="0.079" /><testcase classname="backend.tests.test_iter37_email_receipts_pop.TestAuthRegression" name="test_shipper_login" time="0.301" /><testcase classname="backend.tests.test_iter37_email_receipts_pop.TestAuthRegression" name="test_driver_login" time="0.266" /><testcase classname="backend.tests.test_iter37_email_receipts_pop.TestOrderRegression" name="test_shipper_shipments_list" time="0.088" /><testcase classname="backend.tests.test_iter37_email_receipts_pop.TestPopPodExposure" name="test_shipper_shipment_includes_proof_fields" time="0.128" /></testsuite></testsuites>