<?xml version="1.0" encoding="utf-8"?><testsuites name="pytest tests"><testsuite name="pytest" errors="0" failures="0" skipped="0" tests="26" time="13.166" timestamp="2026-06-01T00:17:15.238580+00:00" hostname="agent-env-c13770aa-1a0b-4cda-b566-e1936f307470"><testcase classname="backend.tests.test_payments_finance.TestPaymentsConfig" name="test_config_returns_eur_test_mode" time="0.312" /><testcase classname="backend.tests.test_payments_finance.TestAuthGuards" name="test_capture_requires_admin" time="0.344" /><testcase classname="backend.tests.test_payments_finance.TestAuthGuards" name="test_capture_no_token" time="0.052" /><testcase classname="backend.tests.test_payments_finance.TestAuthGuards" name="test_cancel_auth_requires_admin" time="0.052" /><testcase classname="backend.tests.test_payments_finance.TestAuthGuards" name="test_admin_financials_overview_requires_admin" time="0.332" /><testcase classname="backend.tests.test_payments_finance.TestAuthGuards" name="test_admin_payments_authorized_requires_admin" time="0.058" /><testcase classname="backend.tests.test_payments_finance.TestAuthGuards" name="test_wallet_driver_requires_driver" time="0.049" /><testcase classname="backend.tests.test_payments_finance.TestAuthGuards" name="test_wallet_withdraw_requires_driver" time="0.096" /><testcase classname="backend.tests.test_payments_finance.TestAuthGuards" name="test_status_requires_owner_or_admin" time="0.151" /><testcase classname="backend.tests.test_payments_finance.TestCheckoutAndAuthorizeAndCapture" name="test_checkout_returns_stripe_url" time="1.366" /><testcase classname="backend.tests.test_payments_finance.TestCheckoutAndAuthorizeAndCapture" name="test_authorize_test_succeeds" time="0.827" /><testcase classname="backend.tests.test_payments_finance.TestCheckoutAndAuthorizeAndCapture" name="test_status_after_authorization" time="0.252" /><testcase classname="backend.tests.test_payments_finance.TestCheckoutAndAuthorizeAndCapture" name="test_double_authorize_rejected" time="0.051" /><testcase classname="backend.tests.test_payments_finance.TestCheckoutAndAuthorizeAndCapture" name="test_admin_capture" time="1.434" /><testcase classname="backend.tests.test_payments_finance.TestCheckoutAndAuthorizeAndCapture" name="test_capture_ledger_entry_exists" time="0.052" /><testcase classname="backend.tests.test_payments_finance.TestAutoCaptureAndWallet" name="test_payment_auto_captured" time="3.732" /><testcase classname="backend.tests.test_payments_finance.TestAutoCaptureAndWallet" name="test_wallet_reflects_captured_earnings" time="0.050" /><testcase classname="backend.tests.test_payments_finance.TestWithdrawalFlow" name="test_withdraw_below_minimum_rejected" time="0.056" /><testcase classname="backend.tests.test_payments_finance.TestWithdrawalFlow" name="test_withdraw_above_balance_rejected" time="0.049" /><testcase classname="backend.tests.test_payments_finance.TestWithdrawalFlow" name="test_valid_withdraw_creates_pending" time="0.103" /><testcase classname="backend.tests.test_payments_finance.TestWithdrawalFlow" name="test_admin_approve_pay_flow" time="0.206" /><testcase classname="backend.tests.test_payments_finance.TestWithdrawalFlow" name="test_admin_reject_flow" time="0.106" /><testcase classname="backend.tests.test_payments_finance.TestCancelAuthorization" name="test_cancel_authorization_releases_hold" time="2.352" /><testcase classname="backend.tests.test_payments_finance.TestAdminFinancials" name="test_overview_structure" time="0.052" /><testcase classname="backend.tests.test_payments_finance.TestAdminFinancials" name="test_transactions_pagination" time="0.050" /><testcase classname="backend.tests.test_payments_finance.TestAdminFinancials" name="test_authorized_list_endpoint" time="0.868" /></testsuite></testsuites>