<?xml version="1.0" encoding="utf-8"?><testsuites name="pytest tests"><testsuite name="pytest" errors="0" failures="0" skipped="0" tests="9" time="5.594" timestamp="2026-06-21T06:51:11.971237+00:00" hostname="agent-env-c13770aa-1a0b-4cda-b566-e1936f307470"><testcase classname="backend.tests.test_iter36_fleet_wallet_payouts.TestEarningsSplit" name="test_delivery_credits_company_wallet" time="2.744" /><testcase classname="backend.tests.test_iter36_fleet_wallet_payouts.TestPayoutLifecycle" name="test_payout_amount_exceeds_available_returns_400" time="0.236" /><testcase classname="backend.tests.test_iter36_fleet_wallet_payouts.TestPayoutLifecycle" name="test_full_payout_lifecycle_approve_pay" time="0.980" /><testcase classname="backend.tests.test_iter36_fleet_wallet_payouts.TestPayoutLifecycle" name="test_payout_reject_refunds_to_available" time="0.485" /><testcase classname="backend.tests.test_iter36_fleet_wallet_payouts.TestAdminFleetDashboard" name="test_list_companies_search_and_fields" time="0.200" /><testcase classname="backend.tests.test_iter36_fleet_wallet_payouts.TestAdminFleetDashboard" name="test_company_detail" time="0.106" /><testcase classname="backend.tests.test_iter36_fleet_wallet_payouts.TestAdminFleetDashboard" name="test_suspend_then_activate" time="0.437" /><testcase classname="backend.tests.test_iter36_fleet_wallet_payouts.TestAdminFleetDashboard" name="test_admin_endpoints_reject_driver_token" time="0.248" /><testcase classname="backend.tests.test_iter36_fleet_wallet_payouts.TestAdminFleetDashboard" name="test_admin_endpoints_require_token" time="0.097" /></testsuite></testsuites>