<?xml version="1.0" encoding="utf-8"?><testsuites name="pytest tests"><testsuite name="pytest" errors="0" failures="4" skipped="1" tests="345" time="185.270" timestamp="2026-06-25T15:02:39.487771+00:00" hostname="agent-env-c13770aa-1a0b-4cda-b566-e1936f307470"><testcase classname="backend.tests.test_admin_dashboard.TestAuthGate" name="test_overview_requires_auth" time="0.008" /><testcase classname="backend.tests.test_admin_dashboard.TestAuthGate" name="test_manage_drivers_requires_auth" time="0.002" /><testcase classname="backend.tests.test_admin_dashboard.TestAuthGate" name="test_invalid_password_rejected" time="0.002" /><testcase classname="backend.tests.test_admin_dashboard.TestOverview" name="test_overview_shape" time="0.012" /><testcase classname="backend.tests.test_admin_dashboard.TestDriversMgmt" name="test_list_drivers" time="0.004" /><testcase classname="backend.tests.test_admin_dashboard.TestDriversMgmt" name="test_list_drivers_status_filter" time="0.014" /><testcase classname="backend.tests.test_admin_dashboard.TestDriversMgmt" name="test_list_drivers_search_and_paginate" time="0.003" /><testcase classname="backend.tests.test_admin_dashboard.TestDriversMgmt" name="test_driver_detail_and_patch_and_suspend_activate" time="0.032" /><testcase classname="backend.tests.test_admin_dashboard.TestShippersMgmt" name="test_list_shippers" time="0.007" /><testcase classname="backend.tests.test_admin_dashboard.TestShippersMgmt" name="test_shipper_detail_patch_suspend_activate" time="0.021" /><testcase classname="backend.tests.test_admin_dashboard.TestOrdersMgmt" name="test_list_orders" time="0.003" /><testcase classname="backend.tests.test_admin_dashboard.TestOrdersMgmt" name="test_order_detail" time="0.006" /><testcase classname="backend.tests.test_admin_dashboard.TestOrdersMgmt" name="test_cancel_already_delivered_rejected" time="0.004" /><testcase classname="backend.tests.test_admin_dashboard.TestOrdersMgmt" name="test_reassign_unknown_driver_404" time="0.005" /><testcase classname="backend.tests.test_admin_dashboard.TestOrdersMgmt" name="test_cancel_pending_then_check_persistence" time="0.257" /><testcase classname="backend.tests.test_admin_dashboard.TestVehicles" name="test_list_vehicles" time="0.003" /><testcase classname="backend.tests.test_admin_dashboard.TestVehicles" name="test_vehicle_type_filter" time="0.003" /><testcase classname="backend.tests.test_admin_dashboard.TestSuspensionEnforcement" name="test_suspended_driver_cannot_go_online" time="0.233" /><testcase classname="backend.tests.test_admin_dashboard.TestSuspensionEnforcement" name="test_suspended_shipper_cannot_create_shipment" time="0.009" /><testcase classname="backend.tests.test_admin_stripe_settings.TestAdminStripeSettingsAuth" name="test_get_requires_auth" time="0.261" /><testcase classname="backend.tests.test_admin_stripe_settings.TestAdminStripeSettingsAuth" name="test_get_rejects_non_admin" time="0.328" /><testcase classname="backend.tests.test_admin_stripe_settings.TestAdminStripeSettingsAuth" name="test_post_requires_auth" time="0.040" /><testcase classname="backend.tests.test_admin_stripe_settings.TestAdminStripeSettingsGet" name="test_get_returns_masked_status" time="0.098" /><testcase classname="backend.tests.test_admin_stripe_settings.TestAdminStripeSettingsGet" name="test_keys_are_masked_not_full" time="0.044" /><testcase classname="backend.tests.test_admin_stripe_settings.TestAdminStripeSettingsValidation" name="test_switch_to_live_without_live_key_rejected" time="0.093" /><testcase classname="backend.tests.test_admin_stripe_settings.TestAdminStripeSettingsValidation" name="test_bad_test_secret_key_rejected" time="0.277" /><testcase classname="backend.tests.test_admin_stripe_settings.TestAdminStripeSettingsValidation" name="test_wrong_prefix_for_live_key_rejected" time="0.047" /><testcase classname="backend.tests.test_admin_stripe_settings.TestAdminStripeSettingsValidation" name="test_invalid_mode_value_rejected" time="0.047" /><testcase classname="backend.tests.test_admin_stripe_settings.TestAdminStripeSettingsWebhookPersistence" name="test_set_webhook_secret_persists" time="0.140" /><testcase classname="backend.tests.test_admin_stripe_settings.TestPaymentsConfigRegression" name="test_payments_config" time="0.044" /><testcase classname="backend.tests.test_admin_stripe_settings.TestAuthorizeAndCaptureRegression" name="test_authorize_then_admin_capture" time="2.767" /><testcase classname="backend.tests.test_admin_stripe_settings.TestWalletRegression" name="test_wallet_driver_shape" time="1.245" /><testcase classname="backend.tests.test_admin_stripe_settings.TestWalletRegression" name="test_withdraw_below_min" time="0.047" /><testcase classname="backend.tests.test_admin_stripe_settings.TestWalletRegression" name="test_withdraw_above_balance" time="0.048" /><testcase classname="backend.tests.test_admin_stripe_settings.TestWalletRegression" name="test_withdraw_valid" time="0.129" /><testcase classname="backend.tests.test_admin_stripe_settings.TestAdminFinancialsRegression" name="test_overview_kpis_shape" time="0.052" /><testcase classname="backend.tests.test_driver_performance.TestDriverPerformanceAuth" name="test_requires_auth" time="0.183" /><testcase classname="backend.tests.test_driver_performance.TestDriverPerformanceAuth" name="test_rejects_shipper_token" time="0.317" /><testcase classname="backend.tests.test_driver_performance.TestDriverPerformanceShape" name="test_returns_200_with_driver_token" time="0.320" /><testcase classname="backend.tests.test_driver_performance.TestDriverPerformanceShape" name="test_rates_are_percent_0_to_100" time="0.056" /><testcase classname="backend.tests.test_driver_performance.TestDriverPerformanceShape" name="test_earnings_monotonic" time="0.054" /><testcase classname="backend.tests.test_driver_performance.TestDriverPerformanceShape" name="test_recent_deliveries_shape" time="0.054" /><testcase classname="backend.tests.test_driver_performance.TestP0Regression" name="test_login_returns_token" time="0.277" /><testcase classname="backend.tests.test_driver_performance.TestP0Regression" name="test_orders_available_with_driver" time="0.057" /><testcase classname="backend.tests.test_driver_performance.TestP0Regression" name="test_shipper_create_with_idempotency_key" time="0.130" /><testcase classname="backend.tests.test_driver_performance.TestP0Regression" name="test_accept_advance_events_flow" time="0.261" /><testcase classname="backend.tests.test_geo_dispatch.TestAvailableOrdersGeo" name="test_with_lat_lng_returns_jobs_sorted_by_distance" time="0.464" /><testcase classname="backend.tests.test_geo_dispatch.TestAvailableOrdersGeo" name="test_payout_per_km_when_distance_positive" time="0.183" /><testcase classname="backend.tests.test_geo_dispatch.TestAvailableOrdersGeo" name="test_without_lat_lng_still_returns_jobs" time="0.070" /><testcase classname="backend.tests.test_geo_dispatch.TestAvailableOrdersGeo" name="test_radius_excludes_far_jobs" time="0.158" /><testcase classname="backend.tests.test_geo_dispatch.TestAvailableOrdersGeo" name="test_vehicle_type_filter_respected" time="0.054" /><testcase classname="backend.tests.test_geo_dispatch.TestAdminDispatchMap" name="test_no_token_unauthorized" time="0.054" /><testcase classname="backend.tests.test_geo_dispatch.TestAdminDispatchMap" name="test_driver_token_forbidden" time="0.056" /><testcase classname="backend.tests.test_geo_dispatch.TestAdminDispatchMap" name="test_admin_returns_expected_shape" time="0.130" /><testcase classname="backend.tests.test_geo_dispatch.TestPaymentsRegression" name="test_payments_config_configured" time="0.050" /><testcase classname="backend.tests.test_geo_dispatch.TestPaymentsRegression" name="test_create_order_authorize_and_capture" time="3.355" /><testcase classname="backend.tests.test_iter10_profile_vehicles.TestDriverVehicles" name="test_driver_me_has_vehicles_array" time="0.450" /><testcase classname="backend.tests.test_iter10_profile_vehicles.TestDriverVehicles" name="test_add_vehicle_invalid_type_400" time="0.157" /><testcase classname="backend.tests.test_iter10_profile_vehicles.TestDriverVehicles" name="test_add_set_primary_update_delete_full_flow" time="5.878" /><testcase classname="backend.tests.test_iter10_profile_vehicles.TestDriverVehicles" name="test_cannot_delete_last_vehicle" time="0.202" /><testcase classname="backend.tests.test_iter10_profile_vehicles.TestChangePassword" name="test_driver_change_password_full_cycle" time="2.882" /><testcase classname="backend.tests.test_iter10_profile_vehicles.TestChangePassword" name="test_shipper_change_password_full_cycle" time="2.929" /><testcase classname="backend.tests.test_iter10_profile_vehicles.TestProfileEdit" name="test_patch_driver_me_with_avatar" time="0.408" /><testcase classname="backend.tests.test_iter10_profile_vehicles.TestProfileEdit" name="test_patch_shipper_me_with_avatar" time="0.311" /><testcase classname="backend.tests.test_iter10_profile_vehicles.TestOrderLifecycleRegression" name="test_available_orders_uses_primary_vehicle" time="1.246" /><testcase classname="backend.tests.test_iter10_profile_vehicles.TestOrderLifecycleRegression" name="test_full_order_lifecycle" time="0.107"><skipped type="pytest.skip" message="create-shipment unavailable: 404 {&quot;detail&quot;:&quot;Not Found&quot;}">/app/backend/tests/test_iter10_profile_vehicles.py:412: create-shipment unavailable: 404 {"detail":"Not Found"}</skipped></testcase><testcase classname="backend.tests.test_iter28_crash_fix_and_feed.TestAvailableFeed" name="test_available_feed_returns_200_with_jobs" time="0.456" /><testcase classname="backend.tests.test_iter28_crash_fix_and_feed.TestAdminCancelIsolation" name="test_admin_cancel_does_not_hide_other_jobs" time="0.697" /><testcase classname="backend.tests.test_iter28_crash_fix_and_feed.TestDriverAcceptRegression" name="test_demo_driver_can_accept_a_job" time="0.205" /><testcase classname="backend.tests.test_iter29_invoicing_and_order_mgmt.TestInvoicing" name="test_accept_invoice_creates_invoice" time="1.531" /><testcase classname="backend.tests.test_iter29_invoicing_and_order_mgmt.TestInvoicing" name="test_accept_invoice_idempotent" time="0.113" /><testcase classname="backend.tests.test_iter29_invoicing_and_order_mgmt.TestInvoicing" name="test_accept_invoice_forbidden_for_other_shipper" time="0.099" /><testcase classname="backend.tests.test_iter29_invoicing_and_order_mgmt.TestInvoicing" name="test_shipper_list_invoices" time="0.109" /><testcase classname="backend.tests.test_iter29_invoicing_and_order_mgmt.TestInvoicing" name="test_get_invoice_detail_owner" time="0.099" /><testcase classname="backend.tests.test_iter29_invoicing_and_order_mgmt.TestInvoicing" name="test_get_invoice_detail_admin" time="0.149" /><testcase classname="backend.tests.test_iter29_invoicing_and_order_mgmt.TestInvoicing" name="test_get_invoice_detail_other_shipper_forbidden" time="0.099" /><testcase classname="backend.tests.test_iter29_invoicing_and_order_mgmt.TestInvoicing" name="test_invoice_pdf" time="0.136" /><testcase classname="backend.tests.test_iter29_invoicing_and_order_mgmt.TestAdminInvoices" name="test_admin_list_invoices_includes_new" time="0.104" /><testcase classname="backend.tests.test_iter29_invoicing_and_order_mgmt.TestAdminInvoices" name="test_admin_list_invoices_filter_status_unpaid" time="0.100" /><testcase classname="backend.tests.test_iter29_invoicing_and_order_mgmt.TestAdminInvoices" name="test_admin_list_invoices_search_q" time="0.104" /><testcase classname="backend.tests.test_iter29_invoicing_and_order_mgmt.TestAdminInvoices" name="test_admin_resend" time="0.142" /><testcase classname="backend.tests.test_iter29_invoicing_and_order_mgmt.TestAdminInvoices" name="test_admin_mark_overdue" time="0.111" /><testcase classname="backend.tests.test_iter29_invoicing_and_order_mgmt.TestAdminInvoices" name="test_admin_mark_paid" time="0.107" /><testcase classname="backend.tests.test_iter29_invoicing_and_order_mgmt.TestAdminInvoicingSettings" name="test_get_default" time="0.116" /><testcase classname="backend.tests.test_iter29_invoicing_and_order_mgmt.TestAdminInvoicingSettings" name="test_update_and_revert" time="0.310" /><testcase classname="backend.tests.test_iter29_invoicing_and_order_mgmt.TestAdminOrderManagement" name="test_assign_to_demo_driver" time="0.237" /><testcase classname="backend.tests.test_iter29_invoicing_and_order_mgmt.TestAdminOrderManagement" name="test_unassign_returns_to_marketplace" time="0.119" /><testcase classname="backend.tests.test_iter29_invoicing_and_order_mgmt.TestAdminOrderManagement" name="test_pause" time="0.127" /><testcase classname="backend.tests.test_iter29_invoicing_and_order_mgmt.TestAdminOrderManagement" name="test_restore_to_pending" time="0.105" /><testcase classname="backend.tests.test_iter29_invoicing_and_order_mgmt.TestAdminOrderManagement" name="test_complete" time="0.108" /><testcase classname="backend.tests.test_iter29_invoicing_and_order_mgmt.TestAdminOrderManagement" name="test_fail_after_complete_on_new_order" time="0.243" /><testcase classname="backend.tests.test_iter29_invoicing_and_order_mgmt.TestAdminOrderManagement" name="test_notes" time="0.106" /><testcase classname="backend.tests.test_iter29_invoicing_and_order_mgmt.TestAdminOrderManagement" name="test_assignment_history" time="0.098" /><testcase classname="backend.tests.test_iter29_invoicing_and_order_mgmt.TestRegressionAvailableFeed" name="test_available_orders" time="0.113" /><testcase classname="backend.tests.test_iter31_payment_methods.TestPaymentMethodsAuth" name="test_list_requires_auth" time="0.100" /><testcase classname="backend.tests.test_iter31_payment_methods.TestPaymentMethodsAuth" name="test_setup_requires_auth" time="0.058" /><testcase classname="backend.tests.test_iter31_payment_methods.TestPaymentMethodsFlow" name="test_list_initial" time="0.617" /><testcase classname="backend.tests.test_iter31_payment_methods.TestPaymentMethodsFlow" name="test_setup_checkout_returns_stripe_url" time="0.290" /><testcase classname="backend.tests.test_iter31_payment_methods.TestPaymentMethodsFlow" name="test_customer_id_persisted" time="0.216" /><testcase classname="backend.tests.test_iter31_payment_methods.TestPaymentMethodsCRUD" name="test_list_shows_attached_card" time="1.437" /><testcase classname="backend.tests.test_iter31_payment_methods.TestPaymentMethodsCRUD" name="test_set_default_flips_flag" time="0.770" /><testcase classname="backend.tests.test_iter31_payment_methods.TestPaymentMethodsCRUD" name="test_ownership_guard_returns_403" time="1.894" /><testcase classname="backend.tests.test_iter31_payment_methods.TestPaymentMethodsCRUD" name="test_delete_removes_card" time="0.813" /><testcase classname="backend.tests.test_iter32_pay_with_saved_card.TestPayWithSavedCard" name="test_success_authorizes_order" time="0.795"><failure message="ModuleNotFoundError: No module named 'services'">E   ModuleNotFoundError: No module named 'services'</failure></testcase><testcase classname="backend.tests.test_iter32_pay_with_saved_card.TestPayWithSavedCard" name="test_declined_card_returns_402_and_keeps_order_unpaid" time="0.356"><failure message="ModuleNotFoundError: No module named 'services'">E   ModuleNotFoundError: No module named 'services'</failure></testcase><testcase classname="backend.tests.test_iter32_pay_with_saved_card.TestPayWithSavedCard" name="test_unowned_payment_method_rejected" time="0.459" /><testcase classname="backend.tests.test_iter34_fleet_phase1.TestCompanyLifecycle" name="test_get_my_company_returns_company" time="0.551" /><testcase classname="backend.tests.test_iter34_fleet_phase1.TestCompanyLifecycle" name="test_create_company_when_already_owner_returns_400" time="0.110" /><testcase classname="backend.tests.test_iter34_fleet_phase1.TestCompanyLifecycle" name="test_patch_job_acceptance_mode_hybrid" time="0.210" /><testcase classname="backend.tests.test_iter34_fleet_phase1.TestCompanyLifecycle" name="test_patch_job_acceptance_mode_owner_assign" time="0.103" /><testcase classname="backend.tests.test_iter34_fleet_phase1.TestCompanyLifecycle" name="test_patch_invalid_mode_returns_422" time="0.096" /><testcase classname="backend.tests.test_iter34_fleet_phase1.TestDriversTab" name="test_create_driver" time="0.340" /><testcase classname="backend.tests.test_iter34_fleet_phase1.TestDriversTab" name="test_list_drivers_owner_first" time="0.112" /><testcase classname="backend.tests.test_iter34_fleet_phase1.TestDriversTab" name="test_duplicate_driver_email_returns_400" time="0.108" /><testcase classname="backend.tests.test_iter34_fleet_phase1.TestDriversTab" name="test_new_driver_can_login" time="0.439" /><testcase classname="backend.tests.test_iter34_fleet_phase1.TestDriversTab" name="test_non_owner_forbidden_on_owner_endpoints" time="0.890" /><testcase classname="backend.tests.test_iter34_fleet_phase1.TestDriversTab" name="test_suspend_then_activate_driver" time="0.434" /><testcase classname="backend.tests.test_iter34_fleet_phase1.TestDriversTab" name="test_cannot_suspend_owner" time="0.344" /><testcase classname="backend.tests.test_iter34_fleet_phase1.TestDriversTab" name="test_cannot_remove_owner" time="0.218" /><testcase classname="backend.tests.test_iter34_fleet_phase1.TestVehiclesTab" name="test_add_vehicle" time="0.109" /><testcase classname="backend.tests.test_iter34_fleet_phase1.TestVehiclesTab" name="test_list_vehicles" time="0.102" /><testcase classname="backend.tests.test_iter34_fleet_phase1.TestVehiclesTab" name="test_duplicate_registration_returns_400" time="0.110" /><testcase classname="backend.tests.test_iter34_fleet_phase1.TestVehiclesTab" name="test_patch_vehicle_disabled" time="0.137" /><testcase classname="backend.tests.test_iter34_fleet_phase1.TestVehiclesTab" name="test_assign_and_unassign_driver" time="0.369" /><testcase classname="backend.tests.test_iter34_fleet_phase1.TestVehiclesTab" name="test_delete_vehicle" time="0.214" /><testcase classname="backend.tests.test_iter34_fleet_phase1.TestRemoveDriverAndBackwardCompat" name="test_remove_driver_detaches" time="0.524" /><testcase classname="backend.tests.test_iter34_fleet_phase1.TestRemoveDriverAndBackwardCompat" name="test_independent_driver_existing_endpoints_still_work" time="0.433" /><testcase classname="backend.tests.test_iter34_fleet_phase1.TestNoAuth" name="test_no_token_returns_401_or_403" time="30.175" /><testcase classname="backend.tests.test_iter35_fleet_phase2.TestSelfAcceptRecordsFleetFields" name="test_self_accept_sets_assigned_fields" time="0.759" /><testcase classname="backend.tests.test_iter35_fleet_phase2.TestOwnerAssignMode" name="test_owner_assign_blocks_self_accept" time="0.144" /><testcase classname="backend.tests.test_iter35_fleet_phase2.TestOwnerAssignMode" name="test_owner_assign_endpoint_succeeds" time="0.097" /><testcase classname="backend.tests.test_iter35_fleet_phase2.TestOwnerAssignMode" name="test_reset_mode_self_accept" time="0.047" /><testcase classname="backend.tests.test_iter35_fleet_phase2.TestCompanyJobsVisibility" name="test_owner_can_list_jobs_with_stats" time="0.049" /><testcase classname="backend.tests.test_iter35_fleet_phase2.TestCompanyJobsVisibility" name="test_non_owner_driver_gets_403" time="0.726" /><testcase classname="backend.tests.test_iter35_fleet_phase2.TestVehicleAudit" name="test_assigned_vehicle_id_recorded_on_accept" time="0.415" /><testcase classname="backend.tests.test_iter35_fleet_phase2.TestSeedEndpoint" name="test_seed_new_pending" time="0.048" /><testcase classname="backend.tests.test_iter36_fleet_wallet_payouts.TestEarningsSplit" name="test_delivery_credits_company_wallet" time="2.326" /><testcase classname="backend.tests.test_iter36_fleet_wallet_payouts.TestPayoutLifecycle" name="test_payout_amount_exceeds_available_returns_400" time="0.221" /><testcase classname="backend.tests.test_iter36_fleet_wallet_payouts.TestPayoutLifecycle" name="test_full_payout_lifecycle_approve_pay" time="0.998" /><testcase classname="backend.tests.test_iter36_fleet_wallet_payouts.TestPayoutLifecycle" name="test_payout_reject_refunds_to_available" time="0.542" /><testcase classname="backend.tests.test_iter36_fleet_wallet_payouts.TestAdminFleetDashboard" name="test_list_companies_search_and_fields" time="0.229" /><testcase classname="backend.tests.test_iter36_fleet_wallet_payouts.TestAdminFleetDashboard" name="test_company_detail" time="0.114" /><testcase classname="backend.tests.test_iter36_fleet_wallet_payouts.TestAdminFleetDashboard" name="test_suspend_then_activate" time="0.455" /><testcase classname="backend.tests.test_iter36_fleet_wallet_payouts.TestAdminFleetDashboard" name="test_admin_endpoints_reject_driver_token" time="0.206" /><testcase classname="backend.tests.test_iter36_fleet_wallet_payouts.TestAdminFleetDashboard" name="test_admin_endpoints_require_token" time="0.112" /><testcase classname="backend.tests.test_iter37_email_receipts_pop.TestEmailRegistration" name="test_driver_register_creates_welcome_email_log" time="3.504" /><testcase classname="backend.tests.test_iter37_email_receipts_pop.TestEmailRegistration" name="test_shipper_register_creates_welcome_email_log" time="3.319" /><testcase classname="backend.tests.test_iter37_email_receipts_pop.TestEmailLogsEndpoint" name="test_email_logs_shape" time="0.074" /><testcase classname="backend.tests.test_iter37_email_receipts_pop.TestEmailLogsEndpoint" name="test_email_logs_status_filter" time="0.059" /><testcase classname="backend.tests.test_iter37_email_receipts_pop.TestEmailLogsEndpoint" name="test_email_logs_q_filter" time="0.050" /><testcase classname="backend.tests.test_iter37_email_receipts_pop.TestEmailLogsEndpoint" name="test_email_logs_requires_admin" time="0.347" /><testcase classname="backend.tests.test_iter37_email_receipts_pop.TestReceiptsAdmin" name="test_admin_receipts_shape" time="0.047" /><testcase classname="backend.tests.test_iter37_email_receipts_pop.TestReceiptsAdmin" name="test_admin_receipts_filter_doc_type" time="0.046" /><testcase classname="backend.tests.test_iter37_email_receipts_pop.TestReceiptsAdmin" name="test_admin_receipts_requires_admin" time="0.345" /><testcase classname="backend.tests.test_iter37_email_receipts_pop.TestWithdrawalDocs" name="test_withdrawal_invoice_created" time="4.285" /><testcase classname="backend.tests.test_iter37_email_receipts_pop.TestWithdrawalDocs" name="test_withdrawal_receipt_created" time="0.048" /><testcase classname="backend.tests.test_iter37_email_receipts_pop.TestReceiptPDF" name="test_pdf_admin_ok" time="0.104" /><testcase classname="backend.tests.test_iter37_email_receipts_pop.TestReceiptPDF" name="test_pdf_no_token_401" time="0.194" /><testcase classname="backend.tests.test_iter37_email_receipts_pop.TestReceiptPDF" name="test_pdf_non_owner_403" time="0.098" /><testcase classname="backend.tests.test_iter37_email_receipts_pop.TestReceiptResend" name="test_admin_resend" time="0.148" /><testcase classname="backend.tests.test_iter37_email_receipts_pop.TestShipperAcceptInvoice" name="test_accept_invoice_returns_invoice" time="3.231" /><testcase classname="backend.tests.test_iter37_email_receipts_pop.TestAuthRegression" name="test_admin_login" time="0.048" /><testcase classname="backend.tests.test_iter37_email_receipts_pop.TestAuthRegression" name="test_shipper_login" time="0.274" /><testcase classname="backend.tests.test_iter37_email_receipts_pop.TestAuthRegression" name="test_driver_login" time="0.279" /><testcase classname="backend.tests.test_iter37_email_receipts_pop.TestOrderRegression" name="test_shipper_shipments_list" time="0.106" /><testcase classname="backend.tests.test_iter37_email_receipts_pop.TestPopPodExposure" name="test_shipper_shipment_includes_proof_fields" time="0.162" /><testcase classname="backend.tests.test_iter38_onboarding_fleet" name="test_register_individual_driver" time="0.332" /><testcase classname="backend.tests.test_iter38_onboarding_fleet" name="test_register_fleet_without_company_name_400" time="0.113" /><testcase classname="backend.tests.test_iter38_onboarding_fleet" name="test_register_fleet_with_empty_company_name_400" time="0.191" /><testcase classname="backend.tests.test_iter38_onboarding_fleet" name="test_fleet_driver_has_company_id" time="0.477" /><testcase classname="backend.tests.test_iter38_onboarding_fleet" name="test_admin_sees_new_company" time="0.239" /><testcase classname="backend.tests.test_kyc_per_driver.TestKycPerDriverStatus" name="test_new_driver_kyc_status_is_incomplete" time="0.441" /><testcase classname="backend.tests.test_kyc_per_driver.TestKycPerDriverStatus" name="test_demo_driver_kyc_is_approved" time="0.315" /><testcase classname="backend.tests.test_kyc_per_driver.TestKycSubmitPending" name="test_submit_marks_pending_not_approved" time="0.218" /><testcase classname="backend.tests.test_kyc_per_driver.TestKycSubmitPending" name="test_simulate_approval_endpoint_removed" time="0.046" /><testcase classname="backend.tests.test_kyc_per_driver.TestKycAcceptGate" name="test_unverified_new_driver_cannot_accept" time="0.394" /><testcase classname="backend.tests.test_kyc_per_driver.TestKycAcceptGate" name="test_demo_verified_driver_can_accept" time="0.052" /><testcase classname="backend.tests.test_kyc_per_driver.TestKycAcceptGate" name="test_demo_driver_idempotent_re_accept" time="0.057" /><testcase classname="backend.tests.test_kyc_per_driver.TestAdminApproval" name="test_admin_sees_pending_application" time="0.122" /><testcase classname="backend.tests.test_kyc_per_driver.TestAdminApproval" name="test_admin_approve_and_driver_is_verified" time="0.107" /><testcase classname="backend.tests.test_kyc_per_driver.TestAdminApproval" name="test_now_approved_driver_can_accept" time="0.125" /><testcase classname="backend.tests.test_kyc_per_driver.TestPerDriverScoping" name="test_new_driver_wallet_is_empty" time="0.078" /><testcase classname="backend.tests.test_kyc_per_driver.TestPerDriverScoping" name="test_new_driver_performance_is_zeroed" time="0.051" /><testcase classname="backend.tests.test_kyc_per_driver.TestPerDriverScoping" name="test_new_driver_history_is_empty" time="0.047" /><testcase classname="backend.tests.test_kyc_per_driver.TestPerDriverScoping" name="test_demo_driver_scoping_does_not_404" time="0.164" /><testcase classname="backend.tests.test_launch_readiness.TestPricing" name="test_quote_cargo_van_10km_100kg_standard" time="0.578"><failure message="AssertionError: price mismatch: got 46.38 expected 44.22, distance=17.22&#10;assert 2.1600000000000037 &lt; 0.05&#10; +  where 2.1600000000000037 = abs((46.38 - 44.22))&#10; +    where 44.22 = round(44.217360000000006, 2)">E   AssertionError: price mismatch: got 46.38 expected 44.22, distance=17.22
    assert 2.1600000000000037 &lt; 0.05
     +  where 2.1600000000000037 = abs((46.38 - 44.22))
     +    where 44.22 = round(44.217360000000006, 2)</failure></testcase><testcase classname="backend.tests.test_launch_readiness.TestStateMachine" name="test_full_lifecycle" time="1.342" /><testcase classname="backend.tests.test_launch_readiness.TestStateMachine" name="test_illegal_pending_to_delivered" time="0.293" /><testcase classname="backend.tests.test_launch_readiness.TestStateMachine" name="test_illegal_accepted_skip_to_picked_up" time="0.375" /><testcase classname="backend.tests.test_launch_readiness.TestStateMachine" name="test_illegal_arrived_pickup_to_delivered" time="15.627" /><testcase classname="backend.tests.test_launch_readiness.TestStateMachine" name="test_idempotency_same_status" time="0.373" /><testcase classname="backend.tests.test_launch_readiness.TestStateMachine" name="test_double_accept_race" time="0.510" /><testcase classname="backend.tests.test_launch_readiness.TestStateMachine" name="test_accept_already_claimed_other_driver_blocked" time="0.448" /><testcase classname="backend.tests.test_launch_readiness.TestPayments" name="test_authorize_then_status" time="1.323" /><testcase classname="backend.tests.test_launch_readiness.TestPayments" name="test_admin_capture_commission_split" time="3.358" /><testcase classname="backend.tests.test_launch_readiness.TestPayments" name="test_auto_capture_on_delivery" time="4.137" /><testcase classname="backend.tests.test_launch_readiness.TestPayments" name="test_cancel_authorization_releases_hold" time="1.699" /><testcase classname="backend.tests.test_launch_readiness.TestPayments" name="test_driver_earnings_incremented_on_delivery" time="1.079" /><testcase classname="backend.tests.test_launch_readiness.TestWallet" name="test_wallet_driver_shape" time="0.103" /><testcase classname="backend.tests.test_launch_readiness.TestWallet" name="test_withdraw_below_min_rejected" time="0.113" /><testcase classname="backend.tests.test_launch_readiness.TestWallet" name="test_withdraw_above_balance_rejected" time="0.208" /><testcase classname="backend.tests.test_launch_readiness.TestWallet" name="test_withdraw_success_then_balance_updates" time="3.976" /><testcase classname="backend.tests.test_launch_readiness.TestAdminFinancials" name="test_overview_consistency" time="0.110" /><testcase classname="backend.tests.test_launch_readiness.TestAdminFinancials" name="test_withdrawal_lifecycle" time="4.086" /><testcase classname="backend.tests.test_launch_readiness.TestTracking" name="test_toggle_online_appears_in_dispatch" time="0.825" /><testcase classname="backend.tests.test_launch_readiness.TestTracking" name="test_driver_location_update_and_read" time="0.423" /><testcase classname="backend.tests.test_launch_readiness.TestTracking" name="test_shipper_tracking_endpoint" time="0.443" /><testcase classname="backend.tests.test_launch_readiness.TestAuthProtection" name="test_admin_overview_no_token_blocked" time="0.106" /><testcase classname="backend.tests.test_launch_readiness.TestAuthProtection" name="test_admin_overview_driver_token_blocked" time="0.129" /><testcase classname="backend.tests.test_launch_readiness.TestAuthProtection" name="test_admin_overview_shipper_token_blocked" time="0.101" /><testcase classname="backend.tests.test_launch_readiness.TestAuthProtection" name="test_capture_requires_admin" time="1.304" /><testcase classname="backend.tests.test_launch_readiness.TestAuthProtection" name="test_wallet_driver_requires_driver" time="0.355" /><testcase classname="backend.tests.test_launch_readiness.TestAuthProtection" name="test_wallet_withdraw_requires_driver" time="0.320" /><testcase classname="backend.tests.test_live_tracking.TestNoLocationGraceful" name="test_no_location_yet_returns_nulls" time="1.155" /><testcase classname="backend.tests.test_live_tracking.TestPickupPhase" name="test_target_pickup_with_eta" time="0.249" /><testcase classname="backend.tests.test_live_tracking.TestPickupPhase" name="test_target_pickup_for_enroute_pickup" time="0.339" /><testcase classname="backend.tests.test_live_tracking.TestDropoffPhase" name="test_target_flips_to_dropoff" time="0.414" /><testcase classname="backend.tests.test_live_tracking.TestDropoffPhase" name="test_off_route_detected_when_driver_strays" time="0.469" /><testcase classname="backend.tests.test_live_tracking.TestDropoffPhase" name="test_on_route_not_flagged" time="0.421" /><testcase classname="backend.tests.test_live_tracking.TestErrorPaths" name="test_unknown_order_404" time="0.047" /><testcase classname="backend.tests.test_live_tracking.TestErrorPaths" name="test_unauthenticated_rejected" time="0.159" /><testcase classname="backend.tests.test_live_tracking.TestErrorPaths" name="test_driver_performance_still_200" time="0.050" /><testcase classname="backend.tests.test_marketplace_visibility" name="test_orders_pending_returns_object" time="0.149" /><testcase classname="backend.tests.test_marketplace_visibility" name="test_orders_available_non_empty_for_driver" time="0.328" /><testcase classname="backend.tests.test_marketplace_visibility" name="test_orders_available_no_auth_also_works" time="0.056" /><testcase classname="backend.tests.test_marketplace_visibility" name="test_orders_available_includes_unpaid_pending" time="0.054" /><testcase classname="backend.tests.test_marketplace_visibility" name="test_orders_available_contains_shipper_created" time="0.049" /><testcase classname="backend.tests.test_marketplace_visibility" name="test_orders_available_matched_for_driver" time="0.051" /><testcase classname="backend.tests.test_marketplace_visibility" name="test_orders_available_matched_requires_auth" time="0.044" /><testcase classname="backend.tests.test_otp_and_wallet.TestPendingOrderOtpFields" name="test_pending_has_4digit_otps_unverified" time="0.098" /><testcase classname="backend.tests.test_otp_and_wallet.TestVerifyOtp" name="test_invalid_otp_returns_400" time="0.105" /><testcase classname="backend.tests.test_otp_and_wallet.TestVerifyOtp" name="test_nonexistent_order_returns_404" time="0.112" /><testcase classname="backend.tests.test_otp_and_wallet.TestVerifyOtp" name="test_correct_pickup_otp_marks_pickup_verified" time="0.118" /><testcase classname="backend.tests.test_otp_and_wallet.TestVerifyOtp" name="test_correct_dropoff_otp_marks_dropoff_verified" time="0.119" /><testcase classname="backend.tests.test_otp_and_wallet.TestWallet" name="test_requires_auth" time="0.111" /><testcase classname="backend.tests.test_otp_and_wallet.TestWallet" name="test_wallet_structure_and_balances" time="0.460" /><testcase classname="backend.tests.test_otp_and_wallet.TestWallet" name="test_wallet_transactions_shape_and_sorted_desc" time="0.122" /><testcase classname="backend.tests.test_otp_and_wallet.TestWallet" name="test_wallet_tip_rows_are_positive" time="0.121" /><testcase classname="backend.tests.test_p0_state_machine.TestRegression" name="test_health" time="0.153" /><testcase classname="backend.tests.test_p0_state_machine.TestRegression" name="test_driver_login" time="0.269" /><testcase classname="backend.tests.test_p0_state_machine.TestRegression" name="test_shipper_login" time="0.269" /><testcase classname="backend.tests.test_p0_state_machine.TestRegression" name="test_orders_available" time="0.052" /><testcase classname="backend.tests.test_p0_state_machine.TestRegression" name="test_driver_me" time="0.048" /><testcase classname="backend.tests.test_p0_state_machine.TestRegression" name="test_orders_history" time="0.066" /><testcase classname="backend.tests.test_p0_state_machine.TestStateMachine" name="test_full_happy_path" time="0.436" /><testcase classname="backend.tests.test_p0_state_machine.TestStateMachine" name="test_illegal_jump_to_delivered" time="0.173" /><testcase classname="backend.tests.test_p0_state_machine.TestStateMachine" name="test_advance_already_delivered_returns_400" time="0.513" /><testcase classname="backend.tests.test_p0_state_machine.TestStateMachine" name="test_idempotent_advance_same_status" time="0.231" /><testcase classname="backend.tests.test_p0_state_machine.TestAcceptRaceSafe" name="test_accept_binds_driver_id" time="0.211" /><testcase classname="backend.tests.test_p0_state_machine.TestAcceptRaceSafe" name="test_same_driver_reaccept_is_idempotent" time="0.206" /><testcase classname="backend.tests.test_p0_state_machine.TestAcceptRaceSafe" name="test_different_driver_gets_409" time="0.602" /><testcase classname="backend.tests.test_p0_state_machine.TestActiveScoped" name="test_active_returns_driver_order_only" time="0.234" /><testcase classname="backend.tests.test_p0_state_machine.TestEarningsCredit" name="test_delivered_credits_authenticated_driver" time="0.571" /><testcase classname="backend.tests.test_p0_state_machine.TestAudit" name="test_unknown_order_returns_404" time="0.049" /><testcase classname="backend.tests.test_p0_state_machine.TestAudit" name="test_events_chronological_with_required_fields" time="0.228" /><testcase classname="backend.tests.test_p0_state_machine.TestIdempotency" name="test_same_key_returns_same_order" time="0.116" /><testcase classname="backend.tests.test_p0_state_machine.TestIdempotency" name="test_no_key_creates_two_orders" time="0.142" /><testcase classname="backend.tests.test_payments_finance.TestPaymentsConfig" name="test_config_returns_eur_test_mode" time="0.184" /><testcase classname="backend.tests.test_payments_finance.TestAuthGuards" name="test_capture_requires_admin" time="0.324" /><testcase classname="backend.tests.test_payments_finance.TestAuthGuards" name="test_capture_no_token" time="0.045" /><testcase classname="backend.tests.test_payments_finance.TestAuthGuards" name="test_cancel_auth_requires_admin" time="0.051" /><testcase classname="backend.tests.test_payments_finance.TestAuthGuards" name="test_admin_financials_overview_requires_admin" time="0.324" /><testcase classname="backend.tests.test_payments_finance.TestAuthGuards" name="test_admin_payments_authorized_requires_admin" time="0.051" /><testcase classname="backend.tests.test_payments_finance.TestAuthGuards" name="test_wallet_driver_requires_driver" time="0.061" /><testcase classname="backend.tests.test_payments_finance.TestAuthGuards" name="test_wallet_withdraw_requires_driver" time="0.093" /><testcase classname="backend.tests.test_payments_finance.TestAuthGuards" name="test_status_requires_owner_or_admin" time="0.167" /><testcase classname="backend.tests.test_payments_finance.TestCheckoutAndAuthorizeAndCapture" name="test_checkout_returns_stripe_url" time="0.550" /><testcase classname="backend.tests.test_payments_finance.TestCheckoutAndAuthorizeAndCapture" name="test_authorize_test_succeeds" time="0.966" /><testcase classname="backend.tests.test_payments_finance.TestCheckoutAndAuthorizeAndCapture" name="test_status_after_authorization" time="0.224" /><testcase classname="backend.tests.test_payments_finance.TestCheckoutAndAuthorizeAndCapture" name="test_double_authorize_rejected" time="0.057" /><testcase classname="backend.tests.test_payments_finance.TestCheckoutAndAuthorizeAndCapture" name="test_admin_capture" time="1.324" /><testcase classname="backend.tests.test_payments_finance.TestCheckoutAndAuthorizeAndCapture" name="test_capture_ledger_entry_exists" time="0.052" /><testcase classname="backend.tests.test_payments_finance.TestAutoCaptureAndWallet" name="test_payment_auto_captured" time="3.874" /><testcase classname="backend.tests.test_payments_finance.TestAutoCaptureAndWallet" name="test_wallet_reflects_captured_earnings" time="0.058" /><testcase classname="backend.tests.test_payments_finance.TestWithdrawalFlow" name="test_withdraw_below_minimum_rejected" time="0.053" /><testcase classname="backend.tests.test_payments_finance.TestWithdrawalFlow" name="test_withdraw_above_balance_rejected" time="0.070" /><testcase classname="backend.tests.test_payments_finance.TestWithdrawalFlow" name="test_valid_withdraw_creates_pending" time="0.134" /><testcase classname="backend.tests.test_payments_finance.TestWithdrawalFlow" name="test_admin_approve_pay_flow" time="0.250" /><testcase classname="backend.tests.test_payments_finance.TestWithdrawalFlow" name="test_admin_reject_flow" time="0.134" /><testcase classname="backend.tests.test_payments_finance.TestCancelAuthorization" name="test_cancel_authorization_releases_hold" time="1.676" /><testcase classname="backend.tests.test_payments_finance.TestAdminFinancials" name="test_overview_structure" time="0.066" /><testcase classname="backend.tests.test_payments_finance.TestAdminFinancials" name="test_transactions_pagination" time="0.159" /><testcase classname="backend.tests.test_payments_finance.TestAdminFinancials" name="test_authorized_list_endpoint" time="1.173" /><testcase classname="backend.tests.test_pricing_and_iter9.TestPricingQuote" name="test_quote_known_case_cargo_van_22km_80kg_standard" time="0.246"><failure message="assert 9.6 == 10.0">E   assert 9.6 == 10.0</failure></testcase><testcase classname="backend.tests.test_pricing_and_iter9.TestPricingQuote" name="test_urgency_multiplier_scales_total[express-1.3]" time="0.226" /><testcase classname="backend.tests.test_pricing_and_iter9.TestPricingQuote" name="test_urgency_multiplier_scales_total[priority-1.5]" time="0.196" /><testcase classname="backend.tests.test_pricing_and_iter9.TestPricingQuote" name="test_urgency_multiplier_scales_total[emergency-2.0]" time="0.211" /><testcase classname="backend.tests.test_pricing_and_iter9.TestPricingQuote" name="test_special_vehicle_multiplier[refrigerated-1.15]" time="0.109" /><testcase classname="backend.tests.test_pricing_and_iter9.TestPricingQuote" name="test_special_vehicle_multiplier[hazmat-1.35]" time="0.108" /><testcase classname="backend.tests.test_pricing_and_iter9.TestPricingQuote" name="test_special_vehicle_multiplier[crane_truck-1.25]" time="0.111" /><testcase classname="backend.tests.test_pricing_and_iter9.TestPricingQuote" name="test_special_vehicle_multiplier[tanker-1.2]" time="0.120" /><testcase classname="backend.tests.test_pricing_and_iter9.TestPricingQuote" name="test_special_handling_adds_15pct" time="0.217" /><testcase classname="backend.tests.test_pricing_and_iter9.TestCreateShipment" name="test_create_with_offer_breakdown_and_tip" time="0.557" /><testcase classname="backend.tests.test_pricing_and_iter9.TestAvailableAndNoReseed" name="test_available_without_coords" time="0.114" /><testcase classname="backend.tests.test_pricing_and_iter9.TestAvailableAndNoReseed" name="test_available_with_coords_filters_radius" time="0.207" /><testcase classname="backend.tests.test_pricing_and_iter9.TestAvailableAndNoReseed" name="test_complete_delivery_does_not_seed_replacement" time="2.797" /><testcase classname="backend.tests.test_pricing_and_iter9.TestDriverPerformance" name="test_performance_populated" time="0.105" /><testcase classname="backend.tests.test_pricing_and_iter9.TestRegression" name="test_register_push_422_missing_body" time="0.118" /><testcase classname="backend.tests.test_pricing_and_iter9.TestRegression" name="test_order_lifecycle_end_to_end" time="0.928" /><testcase classname="backend.tests.test_push_and_lifecycle_regression.TestRegisterPush" name="test_missing_all_fields_422" time="0.184" /><testcase classname="backend.tests.test_push_and_lifecycle_regression.TestRegisterPush" name="test_missing_device_token_422" time="0.072" /><testcase classname="backend.tests.test_push_and_lifecycle_regression.TestRegisterPush" name="test_missing_platform_422" time="0.070" /><testcase classname="backend.tests.test_push_and_lifecycle_regression.TestRegisterPush" name="test_missing_user_id_422" time="0.061" /><testcase classname="backend.tests.test_push_and_lifecycle_regression.TestRegisterPush" name="test_valid_body_reaches_relay" time="0.084" /><testcase classname="backend.tests.test_push_and_lifecycle_regression.TestLifecycleRegression" name="test_shipper_create_returns_200_with_expected_fields" time="0.357" /><testcase classname="backend.tests.test_push_and_lifecycle_regression.TestLifecycleRegression" name="test_full_lifecycle_unaffected_by_push" time="0.924" /><testcase classname="backend.tests.test_push_and_lifecycle_regression.TestLifecycleRegression" name="test_earnings_increment_after_delivered" time="0.727" /><testcase classname="backend.tests.test_push_and_lifecycle_regression.TestExistingEndpointsRegression" name="test_orders_available" time="0.060" /><testcase classname="backend.tests.test_push_and_lifecycle_regression.TestExistingEndpointsRegression" name="test_driver_performance_200" time="0.066" /><testcase classname="backend.tests.test_push_and_lifecycle_regression.TestExistingEndpointsRegression" name="test_order_events_endpoint" time="0.233" /><testcase classname="backend.tests.test_refactor_regression.TestAuth" name="test_driver_login" time="0.693" /><testcase classname="backend.tests.test_refactor_regression.TestAuth" name="test_shipper_login" time="0.000" /><testcase classname="backend.tests.test_refactor_regression.TestAuth" name="test_admin_login" time="0.000" /><testcase classname="backend.tests.test_refactor_regression.TestDriverDomain" name="test_driver_me" time="0.050" /><testcase classname="backend.tests.test_refactor_regression.TestDriverDomain" name="test_orders_active" time="0.049" /><testcase classname="backend.tests.test_refactor_regression.TestDriverDomain" name="test_orders_available" time="0.057" /><testcase classname="backend.tests.test_refactor_regression.TestDriverDomain" name="test_driver_wallet" time="0.051" /><testcase classname="backend.tests.test_refactor_regression.TestDriverDomain" name="test_notifications" time="0.058" /><testcase classname="backend.tests.test_refactor_regression.TestShipperDomain" name="test_shipper_me" time="0.049" /><testcase classname="backend.tests.test_refactor_regression.TestShipperDomain" name="test_shipper_shipments" time="0.134" /><testcase classname="backend.tests.test_refactor_regression.TestShipperDomain" name="test_shipper_receipts" time="0.051" /><testcase classname="backend.tests.test_refactor_regression.TestShipperDomain" name="test_create_shipment" time="0.072" /><testcase classname="backend.tests.test_refactor_regression.TestOrderLifecycle" name="test_driver_can_accept_and_advance" time="0.202" /><testcase classname="backend.tests.test_refactor_regression.TestAdminDomain" name="test_admin_overview" time="0.075" /><testcase classname="backend.tests.test_refactor_regression.TestAdminDomain" name="test_admin_manage_orders" time="0.055" /><testcase classname="backend.tests.test_refactor_regression.TestAdminDomain" name="test_admin_invoices" time="0.061" /><testcase classname="backend.tests.test_refactor_regression.TestAdminDomain" name="test_admin_receipts" time="0.049" /><testcase classname="backend.tests.test_refactor_regression.TestAdminDomain" name="test_admin_email_templates" time="0.051" /><testcase classname="backend.tests.test_refactor_regression.TestCompanyPaymentsRegistration" name="test_company_root_registered" time="0.056" /><testcase classname="backend.tests.test_refactor_regression.TestCompanyPaymentsRegistration" name="test_company_drivers_registered" time="0.064" /><testcase classname="backend.tests.test_refactor_regression.TestCompanyPaymentsRegistration" name="test_company_vehicles_registered" time="0.057" /><testcase classname="backend.tests.test_refactor_regression.TestCompanyPaymentsRegistration" name="test_payments_config_registered" time="0.048" /><testcase classname="backend.tests.test_scheduled_pickup_and_payment_return.TestScheduledPickupPersistence" name="test_create_with_custom_scheduled_pickup" time="0.675" /><testcase classname="backend.tests.test_scheduled_pickup_and_payment_return.TestScheduledPickupPersistence" name="test_create_asap_null_scheduled_pickup_still_works" time="0.185" /><testcase classname="backend.tests.test_scheduled_pickup_and_payment_return.TestPaymentsReturnEndpoint" name="test_success_with_redirect_returns_html_with_deeplink" time="0.046" /><testcase classname="backend.tests.test_scheduled_pickup_and_payment_return.TestPaymentsReturnEndpoint" name="test_cancel_with_redirect_returns_html" time="0.050" /><testcase classname="backend.tests.test_scheduled_pickup_and_payment_return.TestPaymentsReturnEndpoint" name="test_without_redirect_returns_plain_status_page" time="0.048" /><testcase classname="backend.tests.test_scheduled_pickup_and_payment_return.TestPaymentsReturnEndpoint" name="test_without_any_params_does_not_crash" time="0.046" /><testcase classname="backend.tests.test_settings_and_route.TestDriverNewFields" name="test_driver_has_new_fields" time="0.378" /><testcase classname="backend.tests.test_settings_and_route.TestDriverPatch" name="test_patch_name_only" time="0.199" /><testcase classname="backend.tests.test_settings_and_route.TestDriverPatch" name="test_patch_vehicle_combo" time="0.212" /><testcase classname="backend.tests.test_settings_and_route.TestDriverPatch" name="test_patch_notifications" time="0.183" /><testcase classname="backend.tests.test_settings_and_route.TestRoute" name="test_route_fallback_shape" time="0.406" /><testcase classname="backend.tests.test_settings_and_route.TestRoute" name="test_route_idempotent_cache" time="0.365" /><testcase classname="backend.tests.test_settings_and_route.TestRoute" name="test_route_404_for_unknown_order" time="0.052" /></testsuite></testsuites>