<?xml version="1.0" encoding="utf-8"?><testsuites name="pytest tests"><testsuite name="pytest" errors="0" failures="0" skipped="0" tests="5" time="1.778" timestamp="2026-06-23T11:27:16.471215+00:00" hostname="agent-env-c13770aa-1a0b-4cda-b566-e1936f307470"><testcase classname="backend.tests.test_iter38_onboarding_fleet" name="test_register_individual_driver" time="0.527" /><testcase classname="backend.tests.test_iter38_onboarding_fleet" name="test_register_fleet_without_company_name_400" time="0.141" /><testcase classname="backend.tests.test_iter38_onboarding_fleet" name="test_register_fleet_with_empty_company_name_400" time="0.103" /><testcase classname="backend.tests.test_iter38_onboarding_fleet" name="test_fleet_driver_has_company_id" time="0.537" /><testcase classname="backend.tests.test_iter38_onboarding_fleet" name="test_admin_sees_new_company" time="0.287" /></testsuite></testsuites>