<?xml version="1.0" encoding="utf-8"?><testsuites name="pytest tests"><testsuite name="pytest" errors="0" failures="0" skipped="0" tests="9" time="7.044" timestamp="2026-06-13T12:07:13.535964+00:00" hostname="agent-env-c13770aa-1a0b-4cda-b566-e1936f307470"><testcase classname="backend.tests.test_iter31_payment_methods.TestPaymentMethodsAuth" name="test_list_requires_auth" time="0.164" /><testcase classname="backend.tests.test_iter31_payment_methods.TestPaymentMethodsAuth" name="test_setup_requires_auth" time="0.044" /><testcase classname="backend.tests.test_iter31_payment_methods.TestPaymentMethodsFlow" name="test_list_initial" time="0.857" /><testcase classname="backend.tests.test_iter31_payment_methods.TestPaymentMethodsFlow" name="test_setup_checkout_returns_stripe_url" time="0.316" /><testcase classname="backend.tests.test_iter31_payment_methods.TestPaymentMethodsFlow" name="test_customer_id_persisted" time="0.315" /><testcase classname="backend.tests.test_iter31_payment_methods.TestPaymentMethodsCRUD" name="test_list_shows_attached_card" time="1.501" /><testcase classname="backend.tests.test_iter31_payment_methods.TestPaymentMethodsCRUD" name="test_set_default_flips_flag" time="0.939" /><testcase classname="backend.tests.test_iter31_payment_methods.TestPaymentMethodsCRUD" name="test_ownership_guard_returns_403" time="1.821" /><testcase classname="backend.tests.test_iter31_payment_methods.TestPaymentMethodsCRUD" name="test_delete_removes_card" time="1.004" /></testsuite></testsuites>