<?xml version="1.0" encoding="utf-8"?><testsuites name="pytest tests"><testsuite name="pytest" errors="0" failures="0" skipped="0" tests="27" time="23.635" timestamp="2026-06-30T06:59:20.756718+00:00" hostname="agent-env-c13770aa-1a0b-4cda-b566-e1936f307470"><testcase classname="tests.test_iter45_weight_bank_webhook.TestRequiredWeight" name="test_missing_weight_rejected" time="0.571" /><testcase classname="tests.test_iter45_weight_bank_webhook.TestRequiredWeight" name="test_zero_weight_rejected" time="0.107" /><testcase classname="tests.test_iter45_weight_bank_webhook.TestRequiredWeight" name="test_negative_weight_rejected" time="0.099" /><testcase classname="tests.test_iter45_weight_bank_webhook.TestRequiredWeight" name="test_valid_weight_creates" time="0.130" /><testcase classname="tests.test_iter45_weight_bank_webhook.TestQuoteReflectsWeight" name="test_quote_price_changes_with_weight" time="0.195" /><testcase classname="tests.test_iter45_weight_bank_webhook.TestBankDetailsPersistence" name="test_payout_saves_bank_details" time="0.520" /><testcase classname="tests.test_iter45_weight_bank_webhook.TestEditBankDetailsProfile" name="test_patch_driver_me_updates_bank_details" time="0.194" /><testcase classname="tests.test_iter45_weight_bank_webhook.TestStripeWebhookSecret" name="test_save_and_persist_webhook_secret" time="0.511" /><testcase classname="tests.test_iter45_weight_bank_webhook.TestWalletExcludesRefunds" name="test_driver_wallet_endpoint_ok" time="0.100" /><testcase classname="tests.test_iter43_refunds_and_webhook.TestRefundAuth" name="test_refund_requires_token" time="0.169" /><testcase classname="tests.test_iter43_refunds_and_webhook.TestRefundAuth" name="test_refund_rejects_shipper" time="0.323" /><testcase classname="tests.test_iter43_refunds_and_webhook.TestRefundAuth" name="test_refund_rejects_driver" time="0.323" /><testcase classname="tests.test_iter43_refunds_and_webhook.TestFullRefund" name="test_full_refund_flips_order_to_refunded" time="3.984" /><testcase classname="tests.test_iter43_refunds_and_webhook.TestFullRefund" name="test_full_refund_creates_negative_ledger_entry" time="0.001" /><testcase classname="tests.test_iter43_refunds_and_webhook.TestFullRefund" name="test_refund_already_fully_refunded_returns_400" time="0.052" /><testcase classname="tests.test_iter43_refunds_and_webhook.TestPartialRefund" name="test_partial_refund_keeps_captured_status" time="3.471" /><testcase classname="tests.test_iter43_refunds_and_webhook.TestPartialRefund" name="test_over_amount_refund_returns_400" time="0.052" /><testcase classname="tests.test_iter43_refunds_and_webhook.TestRefundOnNonCaptured" name="test_refund_unpaid_order_returns_400" time="0.126" /><testcase classname="tests.test_iter43_refunds_and_webhook.TestRefundOnNonCaptured" name="test_refund_authorized_only_order_returns_400" time="0.857" /><testcase classname="tests.test_iter43_refunds_and_webhook.TestRefundIdempotency" name="test_refund_ledger_dedup_by_stripe_refund_id" time="4.334" /><testcase classname="tests.test_iter43_refunds_and_webhook.TestDriverWalletAfterRefund" name="test_full_refund_excludes_from_driver_wallet" time="3.477" /><testcase classname="tests.test_iter43_refunds_and_webhook.TestWebhookDedupe" name="test_webhook_dedupe_same_event_id" time="0.105" /><testcase classname="tests.test_iter43_refunds_and_webhook.TestWebhookHandlers" name="test_payment_failed_sets_payment_failed_status" time="0.125" /><testcase classname="tests.test_iter43_refunds_and_webhook.TestWebhookHandlers" name="test_dispute_created_sets_has_dispute" time="0.124" /><testcase classname="tests.test_iter43_refunds_and_webhook.TestWebhookHandlers" name="test_charge_refunded_applies_refund" time="2.781" /><testcase classname="tests.test_iter43_refunds_and_webhook.TestRegression" name="test_payments_config" time="0.049" /><testcase classname="tests.test_iter43_refunds_and_webhook.TestRegression" name="test_checkout_then_status" time="0.698" /></testsuite></testsuites>