<?xml version="1.0" encoding="utf-8"?><testsuites name="pytest tests"><testsuite name="pytest" errors="0" failures="0" skipped="0" tests="6" time="2.031" timestamp="2026-06-30T07:27:26.041402+00:00" hostname="agent-env-c13770aa-1a0b-4cda-b566-e1936f307470"><testcase classname="backend.tests.test_iter46_frontend_wiring.TestDriverBankDetails" name="test_full_bank_details_persist" time="0.795" /><testcase classname="backend.tests.test_iter46_frontend_wiring.TestDriverBankDetails" name="test_partial_iban_only_does_not_wipe_other_fields" time="0.195" /><testcase classname="backend.tests.test_iter46_frontend_wiring.TestWalletWithdraw" name="test_wallet_withdraw_endpoint" time="0.202" /><testcase classname="backend.tests.test_iter46_frontend_wiring.TestShipperCargoWeight" name="test_zero_weight_rejected" time="0.540" /><testcase classname="backend.tests.test_iter46_frontend_wiring.TestShipperCargoWeight" name="test_negative_weight_rejected" time="0.100" /><testcase classname="backend.tests.test_iter46_frontend_wiring.TestShipperCargoWeight" name="test_valid_weight_succeeds" time="0.126" /></testsuite></testsuites>