<?xml version="1.0" encoding="utf-8"?><testsuites name="pytest tests"><testsuite name="pytest" errors="0" failures="0" skipped="0" tests="18" time="7.966" timestamp="2026-06-27T13:07:50.878238+00:00" hostname="agent-env-c13770aa-1a0b-4cda-b566-e1936f307470"><testcase classname="backend.tests.test_iter44_phase234.TestPhase2ETA" name="test_driver_post_location" time="0.562" /><testcase classname="backend.tests.test_iter44_phase234.TestPhase2ETA" name="test_driver_location_for_pending_order_returns_null_target_no_500" time="0.604" /><testcase classname="backend.tests.test_iter44_phase234.TestPhase2ETA" name="test_driver_location_after_accept_returns_eta" time="0.225" /><testcase classname="backend.tests.test_iter44_phase234.TestPhase2ETA" name="test_shipper_tracking_active_order" time="0.248" /><testcase classname="backend.tests.test_iter44_phase234.TestPhase3RateDriver" name="test_rate_driver_success" time="0.449" /><testcase classname="backend.tests.test_iter44_phase234.TestPhase3RateDriver" name="test_rate_driver_one_time" time="0.045" /><testcase classname="backend.tests.test_iter44_phase234.TestPhase3RateDriver" name="test_rate_driver_out_of_range" time="0.043" /><testcase classname="backend.tests.test_iter44_phase234.TestPhase3RateDriver" name="test_rate_driver_non_owner_403" time="0.044" /><testcase classname="backend.tests.test_iter44_phase234.TestPhase3Dispute" name="test_dispute_open_success" time="0.336" /><testcase classname="backend.tests.test_iter44_phase234.TestPhase3Dispute" name="test_dispute_duplicate_400" time="0.044" /><testcase classname="backend.tests.test_iter44_phase234.TestPhase3Dispute" name="test_dispute_missing_reason_400" time="0.117" /><testcase classname="backend.tests.test_iter44_phase234.TestPhase3Dispute" name="test_dispute_non_owner_403" time="0.043" /><testcase classname="backend.tests.test_iter44_phase234.TestPhase3Dispute" name="test_dispute_wrong_status_400" time="0.113" /><testcase classname="backend.tests.test_iter44_phase234.TestPhase3AdminDisputes" name="test_admin_list_disputes" time="0.089" /><testcase classname="backend.tests.test_iter44_phase234.TestPhase3AdminDisputes" name="test_admin_list_disputes_filter_open" time="0.050" /><testcase classname="backend.tests.test_iter44_phase234.TestPhase3AdminDisputes" name="test_admin_resolve_dispute_rejected" time="0.434" /><testcase classname="backend.tests.test_iter44_phase234.TestPhase3AdminDisputes" name="test_admin_resolve_dispute_refund_requires_captured" time="0.335" /><testcase classname="backend.tests.test_iter44_phase234.TestPhase3AdminDisputes" name="test_admin_resolve_dispute_refund_captured_full_flow" time="4.037" /></testsuite></testsuites>