<?xml version="1.0" encoding="utf-8"?><testsuites name="pytest tests"><testsuite name="pytest" errors="0" failures="0" skipped="1" tests="21" time="2.181" timestamp="2026-06-30T10:14:49.211998+00:00" hostname="agent-env-c13770aa-1a0b-4cda-b566-e1936f307470"><testcase classname="backend.tests.test_iter51_security_fixes.TestSec001LoginsAndProtected" name="test_driver_login_works" time="0.443" /><testcase classname="backend.tests.test_iter51_security_fixes.TestSec001LoginsAndProtected" name="test_shipper_login_works" time="0.269" /><testcase classname="backend.tests.test_iter51_security_fixes.TestSec001LoginsAndProtected" name="test_admin_login_works" time="0.046" /><testcase classname="backend.tests.test_iter51_security_fixes.TestSec001LoginsAndProtected" name="test_driver_token_accepted_on_protected_route" time="0.048" /><testcase classname="backend.tests.test_iter51_security_fixes.TestSec001LoginsAndProtected" name="test_shipper_token_accepted_on_protected_route" time="0.047" /><testcase classname="backend.tests.test_iter51_security_fixes.TestSec001LoginsAndProtected" name="test_protected_route_rejects_no_token" time="0.048" /><testcase classname="backend.tests.test_iter51_security_fixes.TestSec001LoginsAndProtected" name="test_protected_route_rejects_garbage_token" time="0.045" /><testcase classname="backend.tests.test_iter51_security_fixes.TestSec003WebhookSignature" name="test_webhook_no_signature_rejected" time="0.047" /><testcase classname="backend.tests.test_iter51_security_fixes.TestSec003WebhookSignature" name="test_webhook_bad_signature_rejected" time="0.044" /><testcase classname="backend.tests.test_iter51_security_fixes.TestSec003WebhookSignature" name="test_webhook_does_not_mutate_orders" time="0.046"><skipped type="pytest.skip" message="shipper orders list unavailable: 404">/app/backend/tests/test_iter51_security_fixes.py:153: shipper orders list unavailable: 404</skipped></testcase><testcase classname="backend.tests.test_iter51_security_fixes.TestSec002OrderLifecycleAuth" name="test_advance_without_auth_rejected" time="0.171" /><testcase classname="backend.tests.test_iter51_security_fixes.TestSec002OrderLifecycleAuth" name="test_advance_with_bad_token_rejected" time="0.045" /><testcase classname="backend.tests.test_iter51_security_fixes.TestSec002OrderLifecycleAuth" name="test_advance_with_other_driver_rejected" time="0.101" /><testcase classname="backend.tests.test_iter51_security_fixes.TestSec002OrderLifecycleAuth" name="test_reject_without_auth_rejected" time="0.093" /><testcase classname="backend.tests.test_iter51_security_fixes.TestSec002OrderLifecycleAuth" name="test_assigned_driver_can_advance_to_delivered" time="0.308" /><testcase classname="backend.tests.test_iter51_security_fixes.TestAdminEndpointsAuth" name="test_admin_route_without_token[/admin/manage/drivers]" time="0.046" /><testcase classname="backend.tests.test_iter51_security_fixes.TestAdminEndpointsAuth" name="test_admin_route_without_token[/admin/pricing]" time="0.046" /><testcase classname="backend.tests.test_iter51_security_fixes.TestAdminEndpointsAuth" name="test_admin_route_with_driver_token_rejected[/admin/manage/drivers]" time="0.055" /><testcase classname="backend.tests.test_iter51_security_fixes.TestAdminEndpointsAuth" name="test_admin_route_with_driver_token_rejected[/admin/pricing]" time="0.046" /><testcase classname="backend.tests.test_iter51_security_fixes.TestAdminEndpointsAuth" name="test_admin_route_with_admin_token[/admin/manage/drivers]" time="0.053" /><testcase classname="backend.tests.test_iter51_security_fixes.TestAdminEndpointsAuth" name="test_admin_route_with_admin_token[/admin/pricing]" time="0.046" /></testsuite></testsuites>