<?xml version="1.0" encoding="utf-8"?><testsuites name="pytest tests"><testsuite name="pytest" errors="0" failures="0" skipped="0" tests="10" time="4.295" timestamp="2026-06-01T14:17:49.534222+00:00" hostname="agent-env-c13770aa-1a0b-4cda-b566-e1936f307470"><testcase classname="backend.tests.test_geo_dispatch.TestAvailableOrdersGeo" name="test_with_lat_lng_returns_jobs_sorted_by_distance" time="0.534" /><testcase classname="backend.tests.test_geo_dispatch.TestAvailableOrdersGeo" name="test_payout_per_km_when_distance_positive" time="0.059" /><testcase classname="backend.tests.test_geo_dispatch.TestAvailableOrdersGeo" name="test_without_lat_lng_still_returns_jobs" time="0.061" /><testcase classname="backend.tests.test_geo_dispatch.TestAvailableOrdersGeo" name="test_radius_excludes_far_jobs" time="0.181" /><testcase classname="backend.tests.test_geo_dispatch.TestAvailableOrdersGeo" name="test_vehicle_type_filter_respected" time="0.066" /><testcase classname="backend.tests.test_geo_dispatch.TestAdminDispatchMap" name="test_no_token_unauthorized" time="0.053" /><testcase classname="backend.tests.test_geo_dispatch.TestAdminDispatchMap" name="test_driver_token_forbidden" time="0.055" /><testcase classname="backend.tests.test_geo_dispatch.TestAdminDispatchMap" name="test_admin_returns_expected_shape" time="0.120" /><testcase classname="backend.tests.test_geo_dispatch.TestPaymentsRegression" name="test_payments_config_configured" time="0.054" /><testcase classname="backend.tests.test_geo_dispatch.TestPaymentsRegression" name="test_create_order_authorize_and_capture" time="3.020" /></testsuite></testsuites>