<?xml version="1.0" encoding="utf-8"?><testsuites name="pytest tests"><testsuite name="pytest" errors="0" failures="0" skipped="0" tests="44" time="31.107" timestamp="2026-06-27T13:08:03.399415+00:00" hostname="agent-env-c13770aa-1a0b-4cda-b566-e1936f307470"><testcase classname="backend.tests.test_iter43_refunds_and_webhook.TestRefundAuth" name="test_refund_requires_token" time="0.179" /><testcase classname="backend.tests.test_iter43_refunds_and_webhook.TestRefundAuth" name="test_refund_rejects_shipper" time="0.310" /><testcase classname="backend.tests.test_iter43_refunds_and_webhook.TestRefundAuth" name="test_refund_rejects_driver" time="0.345" /><testcase classname="backend.tests.test_iter43_refunds_and_webhook.TestFullRefund" name="test_full_refund_flips_order_to_refunded" time="3.596" /><testcase classname="backend.tests.test_iter43_refunds_and_webhook.TestFullRefund" name="test_full_refund_creates_negative_ledger_entry" time="0.001" /><testcase classname="backend.tests.test_iter43_refunds_and_webhook.TestFullRefund" name="test_refund_already_fully_refunded_returns_400" time="0.051" /><testcase classname="backend.tests.test_iter43_refunds_and_webhook.TestPartialRefund" name="test_partial_refund_keeps_captured_status" time="3.666" /><testcase classname="backend.tests.test_iter43_refunds_and_webhook.TestPartialRefund" name="test_over_amount_refund_returns_400" time="0.043" /><testcase classname="backend.tests.test_iter43_refunds_and_webhook.TestRefundOnNonCaptured" name="test_refund_unpaid_order_returns_400" time="0.113" /><testcase classname="backend.tests.test_iter43_refunds_and_webhook.TestRefundOnNonCaptured" name="test_refund_authorized_only_order_returns_400" time="0.897" /><testcase classname="backend.tests.test_iter43_refunds_and_webhook.TestRefundIdempotency" name="test_refund_ledger_dedup_by_stripe_refund_id" time="4.209" /><testcase classname="backend.tests.test_iter43_refunds_and_webhook.TestDriverWalletAfterRefund" name="test_full_refund_excludes_from_driver_wallet" time="3.503" /><testcase classname="backend.tests.test_iter43_refunds_and_webhook.TestWebhookDedupe" name="test_webhook_dedupe_same_event_id" time="0.089" /><testcase classname="backend.tests.test_iter43_refunds_and_webhook.TestWebhookHandlers" name="test_payment_failed_sets_payment_failed_status" time="0.111" /><testcase classname="backend.tests.test_iter43_refunds_and_webhook.TestWebhookHandlers" name="test_dispute_created_sets_has_dispute" time="0.107" /><testcase classname="backend.tests.test_iter43_refunds_and_webhook.TestWebhookHandlers" name="test_charge_refunded_applies_refund" time="2.577" /><testcase classname="backend.tests.test_iter43_refunds_and_webhook.TestRegression" name="test_payments_config" time="0.041" /><testcase classname="backend.tests.test_iter43_refunds_and_webhook.TestRegression" name="test_checkout_then_status" time="0.657" /><testcase classname="backend.tests.test_payments_finance.TestPaymentsConfig" name="test_config_returns_eur_test_mode" time="0.182" /><testcase classname="backend.tests.test_payments_finance.TestAuthGuards" name="test_capture_requires_admin" time="0.312" /><testcase classname="backend.tests.test_payments_finance.TestAuthGuards" name="test_capture_no_token" time="0.044" /><testcase classname="backend.tests.test_payments_finance.TestAuthGuards" name="test_cancel_auth_requires_admin" time="0.041" /><testcase classname="backend.tests.test_payments_finance.TestAuthGuards" name="test_admin_financials_overview_requires_admin" time="0.309" /><testcase classname="backend.tests.test_payments_finance.TestAuthGuards" name="test_admin_payments_authorized_requires_admin" time="0.042" /><testcase classname="backend.tests.test_payments_finance.TestAuthGuards" name="test_wallet_driver_requires_driver" time="0.042" /><testcase classname="backend.tests.test_payments_finance.TestAuthGuards" name="test_wallet_withdraw_requires_driver" time="0.087" /><testcase classname="backend.tests.test_payments_finance.TestAuthGuards" name="test_status_requires_owner_or_admin" time="0.151" /><testcase classname="backend.tests.test_payments_finance.TestCheckoutAndAuthorizeAndCapture" name="test_checkout_returns_stripe_url" time="0.445" /><testcase classname="backend.tests.test_payments_finance.TestCheckoutAndAuthorizeAndCapture" name="test_authorize_test_succeeds" time="0.787" /><testcase classname="backend.tests.test_payments_finance.TestCheckoutAndAuthorizeAndCapture" name="test_status_after_authorization" time="0.168" /><testcase classname="backend.tests.test_payments_finance.TestCheckoutAndAuthorizeAndCapture" name="test_double_authorize_rejected" time="0.043" /><testcase classname="backend.tests.test_payments_finance.TestCheckoutAndAuthorizeAndCapture" name="test_admin_capture" time="1.175" /><testcase classname="backend.tests.test_payments_finance.TestCheckoutAndAuthorizeAndCapture" name="test_capture_ledger_entry_exists" time="0.044" /><testcase classname="backend.tests.test_payments_finance.TestAutoCaptureAndWallet" name="test_payment_auto_captured" time="3.502" /><testcase classname="backend.tests.test_payments_finance.TestAutoCaptureAndWallet" name="test_wallet_reflects_captured_earnings" time="0.052" /><testcase classname="backend.tests.test_payments_finance.TestWithdrawalFlow" name="test_withdraw_below_minimum_rejected" time="0.081" /><testcase classname="backend.tests.test_payments_finance.TestWithdrawalFlow" name="test_withdraw_above_balance_rejected" time="0.044" /><testcase classname="backend.tests.test_payments_finance.TestWithdrawalFlow" name="test_valid_withdraw_creates_pending" time="0.117" /><testcase classname="backend.tests.test_payments_finance.TestWithdrawalFlow" name="test_admin_approve_pay_flow" time="0.206" /><testcase classname="backend.tests.test_payments_finance.TestWithdrawalFlow" name="test_admin_reject_flow" time="0.114" /><testcase classname="backend.tests.test_payments_finance.TestCancelAuthorization" name="test_cancel_authorization_releases_hold" time="1.598" /><testcase classname="backend.tests.test_payments_finance.TestAdminFinancials" name="test_overview_structure" time="0.086" /><testcase classname="backend.tests.test_payments_finance.TestAdminFinancials" name="test_transactions_pagination" time="0.041" /><testcase classname="backend.tests.test_payments_finance.TestAdminFinancials" name="test_authorized_list_endpoint" time="0.748" /></testsuite></testsuites>