<?xml version="1.0" encoding="utf-8"?><testsuites name="pytest tests"><testsuite name="pytest" errors="0" failures="0" skipped="0" tests="22" time="2.187" timestamp="2026-06-30T07:59:03.252416+00:00" hostname="agent-env-c13770aa-1a0b-4cda-b566-e1936f307470"><testcase classname="backend.tests.test_iter47_pricing_engine.TestAuthGuard" name="test_get_pricing_requires_auth" time="0.244" /><testcase classname="backend.tests.test_iter47_pricing_engine.TestAuthGuard" name="test_save_pricing_requires_auth" time="0.044" /><testcase classname="backend.tests.test_iter47_pricing_engine.TestGetPricing" name="test_get_active_pricing" time="0.087" /><testcase classname="backend.tests.test_iter47_pricing_engine.TestGetPricing" name="test_get_defaults" time="0.047" /><testcase classname="backend.tests.test_iter47_pricing_engine.TestSaveValidation" name="test_save_rejects_empty_body" time="0.043" /><testcase classname="backend.tests.test_iter47_pricing_engine.TestSaveValidation" name="test_save_rejects_config_without_base_fees" time="0.042" /><testcase classname="backend.tests.test_iter47_pricing_engine.TestEngineCorrectness" name="test_preview_basic_shape" time="0.046" /><testcase classname="backend.tests.test_iter47_pricing_engine.TestEngineCorrectness" name="test_empty_run_discount_creates_negative_line" time="0.046" /><testcase classname="backend.tests.test_iter47_pricing_engine.TestEngineCorrectness" name="test_urgency_emergency_higher_than_standard" time="0.091" /><testcase classname="backend.tests.test_iter47_pricing_engine.TestEngineCorrectness" name="test_refrigerated_special_vehicle_line" time="0.043" /><testcase classname="backend.tests.test_iter47_pricing_engine.TestEngineCorrectness" name="test_hazmat_special_vehicle_line_bigger" time="0.044" /><testcase classname="backend.tests.test_iter47_pricing_engine.TestEngineCorrectness" name="test_weight_band_heavy_vs_light" time="0.083" /><testcase classname="backend.tests.test_iter47_pricing_engine.TestEngineCorrectness" name="test_min_price_floor_applies" time="0.046" /><testcase classname="backend.tests.test_iter47_pricing_engine.TestEngineCorrectness" name="test_fuel_line_always_present" time="0.044" /><testcase classname="backend.tests.test_iter47_pricing_engine.TestEngineCorrectness" name="test_supply_demand_surge_line" time="0.042" /><testcase classname="backend.tests.test_iter47_pricing_engine.TestEngineCorrectness" name="test_route_match_discount_negative" time="0.042" /><testcase classname="backend.tests.test_iter47_pricing_engine.TestEngineCorrectness" name="test_preview_does_not_persist" time="0.130" /><testcase classname="backend.tests.test_iter47_pricing_engine.TestVersioning" name="test_save_new_version_increments_and_activates" time="0.218" /><testcase classname="backend.tests.test_iter47_pricing_engine.TestVersioning" name="test_activate_unknown_version_404" time="0.047" /><testcase classname="backend.tests.test_iter47_pricing_engine.TestVersioning" name="test_rollback_to_v1" time="0.087" /><testcase classname="backend.tests.test_iter47_pricing_engine.TestShipperQuoteUsesEngine" name="test_shipper_quote_has_breakdown" time="0.528" /><testcase classname="backend.tests.test_iter47_pricing_engine.TestShipperQuoteUsesEngine" name="test_driver_share_85_in_active_config" time="0.043" /></testsuite></testsuites>