<?xml version="1.0" encoding="utf-8"?><testsuites name="pytest tests"><testsuite name="pytest" errors="0" failures="0" skipped="0" tests="22" time="6.207" timestamp="2026-06-17T23:17:42.505528+00:00" hostname="agent-env-c13770aa-1a0b-4cda-b566-e1936f307470"><testcase classname="backend.tests.test_iter34_fleet_phase1.TestCompanyLifecycle" name="test_get_my_company_returns_company" time="0.605" /><testcase classname="backend.tests.test_iter34_fleet_phase1.TestCompanyLifecycle" name="test_create_company_when_already_owner_returns_400" time="0.111" /><testcase classname="backend.tests.test_iter34_fleet_phase1.TestCompanyLifecycle" name="test_patch_job_acceptance_mode_hybrid" time="0.348" /><testcase classname="backend.tests.test_iter34_fleet_phase1.TestCompanyLifecycle" name="test_patch_job_acceptance_mode_owner_assign" time="0.097" /><testcase classname="backend.tests.test_iter34_fleet_phase1.TestCompanyLifecycle" name="test_patch_invalid_mode_returns_422" time="0.103" /><testcase classname="backend.tests.test_iter34_fleet_phase1.TestDriversTab" name="test_create_driver" time="0.323" /><testcase classname="backend.tests.test_iter34_fleet_phase1.TestDriversTab" name="test_list_drivers_owner_first" time="0.099" /><testcase classname="backend.tests.test_iter34_fleet_phase1.TestDriversTab" name="test_duplicate_driver_email_returns_400" time="0.104" /><testcase classname="backend.tests.test_iter34_fleet_phase1.TestDriversTab" name="test_new_driver_can_login" time="0.415" /><testcase classname="backend.tests.test_iter34_fleet_phase1.TestDriversTab" name="test_non_owner_forbidden_on_owner_endpoints" time="0.940" /><testcase classname="backend.tests.test_iter34_fleet_phase1.TestDriversTab" name="test_suspend_then_activate_driver" time="0.413" /><testcase classname="backend.tests.test_iter34_fleet_phase1.TestDriversTab" name="test_cannot_suspend_owner" time="0.331" /><testcase classname="backend.tests.test_iter34_fleet_phase1.TestDriversTab" name="test_cannot_remove_owner" time="0.186" /><testcase classname="backend.tests.test_iter34_fleet_phase1.TestVehiclesTab" name="test_add_vehicle" time="0.119" /><testcase classname="backend.tests.test_iter34_fleet_phase1.TestVehiclesTab" name="test_list_vehicles" time="0.106" /><testcase classname="backend.tests.test_iter34_fleet_phase1.TestVehiclesTab" name="test_duplicate_registration_returns_400" time="0.100" /><testcase classname="backend.tests.test_iter34_fleet_phase1.TestVehiclesTab" name="test_patch_vehicle_disabled" time="0.093" /><testcase classname="backend.tests.test_iter34_fleet_phase1.TestVehiclesTab" name="test_assign_and_unassign_driver" time="0.296" /><testcase classname="backend.tests.test_iter34_fleet_phase1.TestVehiclesTab" name="test_delete_vehicle" time="0.202" /><testcase classname="backend.tests.test_iter34_fleet_phase1.TestRemoveDriverAndBackwardCompat" name="test_remove_driver_detaches" time="0.622" /><testcase classname="backend.tests.test_iter34_fleet_phase1.TestRemoveDriverAndBackwardCompat" name="test_independent_driver_existing_endpoints_still_work" time="0.409" /><testcase classname="backend.tests.test_iter34_fleet_phase1.TestNoAuth" name="test_no_token_returns_401_or_403" time="0.091" /></testsuite></testsuites>