<?xml version="1.0" encoding="utf-8"?><testsuites name="pytest tests"><testsuite name="pytest" errors="0" failures="0" skipped="0" tests="28" time="47.279" timestamp="2026-06-04T20:27:43.537434+00:00" hostname="agent-env-c13770aa-1a0b-4cda-b566-e1936f307470"><testcase classname="tests.test_launch_readiness.TestPricing" name="test_quote_cargo_van_10km_100kg_standard" time="0.637" /><testcase classname="tests.test_launch_readiness.TestStateMachine" name="test_full_lifecycle" time="1.548" /><testcase classname="tests.test_launch_readiness.TestStateMachine" name="test_illegal_pending_to_delivered" time="0.457" /><testcase classname="tests.test_launch_readiness.TestStateMachine" name="test_illegal_accepted_skip_to_picked_up" time="0.371" /><testcase classname="tests.test_launch_readiness.TestStateMachine" name="test_illegal_arrived_pickup_to_delivered" time="0.705" /><testcase classname="tests.test_launch_readiness.TestStateMachine" name="test_idempotency_same_status" time="0.372" /><testcase classname="tests.test_launch_readiness.TestStateMachine" name="test_double_accept_race" time="0.553" /><testcase classname="tests.test_launch_readiness.TestStateMachine" name="test_accept_already_claimed_other_driver_blocked" time="0.531" /><testcase classname="tests.test_launch_readiness.TestPayments" name="test_authorize_then_status" time="1.909" /><testcase classname="tests.test_launch_readiness.TestPayments" name="test_admin_capture_commission_split" time="3.052" /><testcase classname="tests.test_launch_readiness.TestPayments" name="test_auto_capture_on_delivery" time="4.703" /><testcase classname="tests.test_launch_readiness.TestPayments" name="test_cancel_authorization_releases_hold" time="1.705" /><testcase classname="tests.test_launch_readiness.TestPayments" name="test_driver_earnings_incremented_on_delivery" time="1.227" /><testcase classname="tests.test_launch_readiness.TestWallet" name="test_wallet_driver_shape" time="0.118" /><testcase classname="tests.test_launch_readiness.TestWallet" name="test_withdraw_below_min_rejected" time="0.129" /><testcase classname="tests.test_launch_readiness.TestWallet" name="test_withdraw_above_balance_rejected" time="0.248" /><testcase classname="tests.test_launch_readiness.TestWallet" name="test_withdraw_success_then_balance_updates" time="4.663" /><testcase classname="tests.test_launch_readiness.TestAdminFinancials" name="test_overview_consistency" time="0.145" /><testcase classname="tests.test_launch_readiness.TestAdminFinancials" name="test_withdrawal_lifecycle" time="19.827" /><testcase classname="tests.test_launch_readiness.TestTracking" name="test_toggle_online_appears_in_dispatch" time="0.799" /><testcase classname="tests.test_launch_readiness.TestTracking" name="test_driver_location_update_and_read" time="0.471" /><testcase classname="tests.test_launch_readiness.TestTracking" name="test_shipper_tracking_endpoint" time="0.540" /><testcase classname="tests.test_launch_readiness.TestAuthProtection" name="test_admin_overview_no_token_blocked" time="0.105" /><testcase classname="tests.test_launch_readiness.TestAuthProtection" name="test_admin_overview_driver_token_blocked" time="0.124" /><testcase classname="tests.test_launch_readiness.TestAuthProtection" name="test_admin_overview_shipper_token_blocked" time="0.123" /><testcase classname="tests.test_launch_readiness.TestAuthProtection" name="test_capture_requires_admin" time="1.360" /><testcase classname="tests.test_launch_readiness.TestAuthProtection" name="test_wallet_driver_requires_driver" time="0.347" /><testcase classname="tests.test_launch_readiness.TestAuthProtection" name="test_wallet_withdraw_requires_driver" time="0.349" /></testsuite></testsuites>