<?xml version="1.0" encoding="utf-8"?><testsuites name="pytest tests"><testsuite name="pytest" errors="0" failures="0" skipped="0" tests="25" time="5.260" timestamp="2026-06-10T14:58:00.277591+00:00" hostname="agent-env-c13770aa-1a0b-4cda-b566-e1936f307470"><testcase classname="backend.tests.test_iter29_invoicing_and_order_mgmt.TestInvoicing" name="test_accept_invoice_creates_invoice" time="1.762" /><testcase classname="backend.tests.test_iter29_invoicing_and_order_mgmt.TestInvoicing" name="test_accept_invoice_idempotent" time="0.117" /><testcase classname="backend.tests.test_iter29_invoicing_and_order_mgmt.TestInvoicing" name="test_accept_invoice_forbidden_for_other_shipper" time="0.124" /><testcase classname="backend.tests.test_iter29_invoicing_and_order_mgmt.TestInvoicing" name="test_shipper_list_invoices" time="0.105" /><testcase classname="backend.tests.test_iter29_invoicing_and_order_mgmt.TestInvoicing" name="test_get_invoice_detail_owner" time="0.124" /><testcase classname="backend.tests.test_iter29_invoicing_and_order_mgmt.TestInvoicing" name="test_get_invoice_detail_admin" time="0.109" /><testcase classname="backend.tests.test_iter29_invoicing_and_order_mgmt.TestInvoicing" name="test_get_invoice_detail_other_shipper_forbidden" time="0.111" /><testcase classname="backend.tests.test_iter29_invoicing_and_order_mgmt.TestInvoicing" name="test_invoice_pdf" time="0.152" /><testcase classname="backend.tests.test_iter29_invoicing_and_order_mgmt.TestAdminInvoices" name="test_admin_list_invoices_includes_new" time="0.115" /><testcase classname="backend.tests.test_iter29_invoicing_and_order_mgmt.TestAdminInvoices" name="test_admin_list_invoices_filter_status_unpaid" time="0.134" /><testcase classname="backend.tests.test_iter29_invoicing_and_order_mgmt.TestAdminInvoices" name="test_admin_list_invoices_search_q" time="0.121" /><testcase classname="backend.tests.test_iter29_invoicing_and_order_mgmt.TestAdminInvoices" name="test_admin_resend" time="0.136" /><testcase classname="backend.tests.test_iter29_invoicing_and_order_mgmt.TestAdminInvoices" name="test_admin_mark_overdue" time="0.123" /><testcase classname="backend.tests.test_iter29_invoicing_and_order_mgmt.TestAdminInvoices" name="test_admin_mark_paid" time="0.115" /><testcase classname="backend.tests.test_iter29_invoicing_and_order_mgmt.TestAdminInvoicingSettings" name="test_get_default" time="0.114" /><testcase classname="backend.tests.test_iter29_invoicing_and_order_mgmt.TestAdminInvoicingSettings" name="test_update_and_revert" time="0.357" /><testcase classname="backend.tests.test_iter29_invoicing_and_order_mgmt.TestAdminOrderManagement" name="test_assign_to_demo_driver" time="0.260" /><testcase classname="backend.tests.test_iter29_invoicing_and_order_mgmt.TestAdminOrderManagement" name="test_unassign_returns_to_marketplace" time="0.109" /><testcase classname="backend.tests.test_iter29_invoicing_and_order_mgmt.TestAdminOrderManagement" name="test_pause" time="0.117" /><testcase classname="backend.tests.test_iter29_invoicing_and_order_mgmt.TestAdminOrderManagement" name="test_restore_to_pending" time="0.111" /><testcase classname="backend.tests.test_iter29_invoicing_and_order_mgmt.TestAdminOrderManagement" name="test_complete" time="0.136" /><testcase classname="backend.tests.test_iter29_invoicing_and_order_mgmt.TestAdminOrderManagement" name="test_fail_after_complete_on_new_order" time="0.228" /><testcase classname="backend.tests.test_iter29_invoicing_and_order_mgmt.TestAdminOrderManagement" name="test_notes" time="0.112" /><testcase classname="backend.tests.test_iter29_invoicing_and_order_mgmt.TestAdminOrderManagement" name="test_assignment_history" time="0.142" /><testcase classname="backend.tests.test_iter29_invoicing_and_order_mgmt.TestRegressionAvailableFeed" name="test_available_orders" time="0.151" /></testsuite></testsuites>