<?xml version="1.0" encoding="utf-8"?><testsuites name="pytest tests"><testsuite name="pytest" errors="0" failures="0" skipped="0" tests="14" time="2.210" timestamp="2026-06-10T08:27:17.050345+00:00" hostname="agent-env-c13770aa-1a0b-4cda-b566-e1936f307470"><testcase classname="backend.tests.test_kyc_per_driver.TestKycPerDriverStatus" name="test_new_driver_kyc_status_is_incomplete" time="0.529" /><testcase classname="backend.tests.test_kyc_per_driver.TestKycPerDriverStatus" name="test_demo_driver_kyc_is_approved" time="0.324" /><testcase classname="backend.tests.test_kyc_per_driver.TestKycSubmitPending" name="test_submit_marks_pending_not_approved" time="0.105" /><testcase classname="backend.tests.test_kyc_per_driver.TestKycSubmitPending" name="test_simulate_approval_endpoint_removed" time="0.057" /><testcase classname="backend.tests.test_kyc_per_driver.TestKycAcceptGate" name="test_unverified_new_driver_cannot_accept" time="0.380" /><testcase classname="backend.tests.test_kyc_per_driver.TestKycAcceptGate" name="test_demo_verified_driver_can_accept" time="0.050" /><testcase classname="backend.tests.test_kyc_per_driver.TestKycAcceptGate" name="test_demo_driver_idempotent_re_accept" time="0.050" /><testcase classname="backend.tests.test_kyc_per_driver.TestAdminApproval" name="test_admin_sees_pending_application" time="0.107" /><testcase classname="backend.tests.test_kyc_per_driver.TestAdminApproval" name="test_admin_approve_and_driver_is_verified" time="0.103" /><testcase classname="backend.tests.test_kyc_per_driver.TestAdminApproval" name="test_now_approved_driver_can_accept" time="0.103" /><testcase classname="backend.tests.test_kyc_per_driver.TestPerDriverScoping" name="test_new_driver_wallet_is_empty" time="0.051" /><testcase classname="backend.tests.test_kyc_per_driver.TestPerDriverScoping" name="test_new_driver_performance_is_zeroed" time="0.055" /><testcase classname="backend.tests.test_kyc_per_driver.TestPerDriverScoping" name="test_new_driver_history_is_empty" time="0.049" /><testcase classname="backend.tests.test_kyc_per_driver.TestPerDriverScoping" name="test_demo_driver_scoping_does_not_404" time="0.159" /></testsuite></testsuites>