<?xml version="1.0" encoding="utf-8"?><testsuites name="pytest tests"><testsuite name="pytest" errors="0" failures="1" skipped="0" tests="9" time="3.336" timestamp="2026-05-29T13:10:37.358292+00:00" hostname="agent-env-c13770aa-1a0b-4cda-b566-e1936f307470"><testcase classname="backend.tests.test_live_tracking.TestNoLocationGraceful" name="test_no_location_yet_returns_nulls" time="1.070" /><testcase classname="backend.tests.test_live_tracking.TestPickupPhase" name="test_target_pickup_with_eta" time="0.225" /><testcase classname="backend.tests.test_live_tracking.TestPickupPhase" name="test_target_pickup_for_enroute_pickup" time="0.259" /><testcase classname="backend.tests.test_live_tracking.TestDropoffPhase" name="test_target_flips_to_dropoff" time="0.437" /><testcase classname="backend.tests.test_live_tracking.TestDropoffPhase" name="test_off_route_detected_when_driver_strays" time="0.443" /><testcase classname="backend.tests.test_live_tracking.TestDropoffPhase" name="test_on_route_not_flagged" time="0.437" /><testcase classname="backend.tests.test_live_tracking.TestErrorPaths" name="test_unknown_order_404" time="0.055" /><testcase classname="backend.tests.test_live_tracking.TestErrorPaths" name="test_unauthenticated_rejected" time="0.157" /><testcase classname="backend.tests.test_live_tracking.TestErrorPaths" name="test_driver_performance_still_200" time="0.059"><failure message="AssertionError: missing key earnings_today in performance response&#10;assert 'earnings_today' in {'acceptance_rate': 100.0, 'completion_rate': 98.0, 'deliveries': {'today': 9, 'total': 18, 'week': 18}, 'earnings': {'today': 108.0, 'total': 1123.9, 'week': 1123.9}, ...}">backend/tests/test_live_tracking.py:267: in test_driver_performance_still_200
    assert key in body, f"missing key {key} in performance response"
E   AssertionError: missing key earnings_today in performance response
E   assert 'earnings_today' in {'acceptance_rate': 100.0, 'completion_rate': 98.0, 'deliveries': {'today': 9, 'total': 18, 'week': 18}, 'earnings': {'today': 108.0, 'total': 1123.9, 'week': 1123.9}, ...}</failure></testcase></testsuite></testsuites>