<?xml version="1.0" encoding="utf-8"?><testsuites name="pytest tests"><testsuite name="pytest" errors="0" failures="0" skipped="0" tests="19" time="4.724" timestamp="2026-05-29T11:37:59.208142+00:00" hostname="agent-env-c13770aa-1a0b-4cda-b566-e1936f307470"><testcase classname="backend.tests.test_p0_state_machine.TestRegression" name="test_health" time="0.390" /><testcase classname="backend.tests.test_p0_state_machine.TestRegression" name="test_driver_login" time="0.283" /><testcase classname="backend.tests.test_p0_state_machine.TestRegression" name="test_shipper_login" time="0.277" /><testcase classname="backend.tests.test_p0_state_machine.TestRegression" name="test_orders_available" time="0.092" /><testcase classname="backend.tests.test_p0_state_machine.TestRegression" name="test_driver_me" time="0.054" /><testcase classname="backend.tests.test_p0_state_machine.TestRegression" name="test_orders_history" time="0.062" /><testcase classname="backend.tests.test_p0_state_machine.TestStateMachine" name="test_full_happy_path" time="0.469" /><testcase classname="backend.tests.test_p0_state_machine.TestStateMachine" name="test_illegal_jump_to_delivered" time="0.151" /><testcase classname="backend.tests.test_p0_state_machine.TestStateMachine" name="test_advance_already_delivered_returns_400" time="0.548" /><testcase classname="backend.tests.test_p0_state_machine.TestStateMachine" name="test_idempotent_advance_same_status" time="0.151" /><testcase classname="backend.tests.test_p0_state_machine.TestAcceptRaceSafe" name="test_accept_binds_driver_id" time="0.150" /><testcase classname="backend.tests.test_p0_state_machine.TestAcceptRaceSafe" name="test_same_driver_reaccept_is_idempotent" time="0.197" /><testcase classname="backend.tests.test_p0_state_machine.TestAcceptRaceSafe" name="test_different_driver_gets_409" time="0.448" /><testcase classname="backend.tests.test_p0_state_machine.TestActiveScoped" name="test_active_returns_driver_order_only" time="0.208" /><testcase classname="backend.tests.test_p0_state_machine.TestEarningsCredit" name="test_delivered_credits_authenticated_driver" time="0.545" /><testcase classname="backend.tests.test_p0_state_machine.TestAudit" name="test_unknown_order_returns_404" time="0.054" /><testcase classname="backend.tests.test_p0_state_machine.TestAudit" name="test_events_chronological_with_required_fields" time="0.241" /><testcase classname="backend.tests.test_p0_state_machine.TestIdempotency" name="test_same_key_returns_same_order" time="0.103" /><testcase classname="backend.tests.test_p0_state_machine.TestIdempotency" name="test_no_key_creates_two_orders" time="0.104" /></testsuite></testsuites>