<?xml version="1.0" encoding="utf-8"?><testsuites name="pytest tests"><testsuite name="pytest" errors="0" failures="0" skipped="0" tests="24" time="5.990" timestamp="2026-05-19T22:24:00.389589+00:00" hostname="agent-env-da0bdf31-c3a6-4c51-8d62-98307823844f"><testcase classname="backend.tests.test_driver_api.TestDriver" name="test_get_driver" time="0.303" /><testcase classname="backend.tests.test_driver_api.TestDriver" name="test_toggle_online_flips" time="0.204" /><testcase classname="backend.tests.test_driver_api.TestPending" name="test_pending_order_full_shape" time="0.178" /><testcase classname="backend.tests.test_driver_api.TestHistory" name="test_history_min_8" time="0.077" /><testcase classname="backend.tests.test_driver_api.TestLifecycle" name="test_accept_advance_complete" time="0.975" /><testcase classname="backend.tests.test_driver_api.TestLifecycle" name="test_reject_creates_new_pending" time="0.256" /><testcase classname="backend.tests.test_driver_api.TestLifecycle" name="test_rate_after_delivery" time="0.815" /><testcase classname="backend.tests.test_driver_api.TestErrors" name="test_accept_nonexistent" time="0.097" /><testcase classname="backend.tests.test_driver_api.TestErrors" name="test_advance_nonexistent" time="0.103" /><testcase classname="backend.tests.test_otp_and_wallet.TestPendingOrderOtpFields" name="test_pending_has_4digit_otps_unverified" time="0.151" /><testcase classname="backend.tests.test_otp_and_wallet.TestVerifyOtp" name="test_invalid_otp_returns_400" time="0.319" /><testcase classname="backend.tests.test_otp_and_wallet.TestVerifyOtp" name="test_nonexistent_order_returns_404" time="0.120" /><testcase classname="backend.tests.test_otp_and_wallet.TestVerifyOtp" name="test_correct_pickup_otp_marks_pickup_verified" time="0.169" /><testcase classname="backend.tests.test_otp_and_wallet.TestVerifyOtp" name="test_correct_dropoff_otp_marks_dropoff_verified" time="0.090" /><testcase classname="backend.tests.test_otp_and_wallet.TestWallet" name="test_wallet_structure_and_balances" time="0.108" /><testcase classname="backend.tests.test_otp_and_wallet.TestWallet" name="test_wallet_has_mixed_txn_types_and_sorted_desc" time="0.104" /><testcase classname="backend.tests.test_otp_and_wallet.TestWallet" name="test_wallet_includes_tip_rows_when_present" time="0.097" /><testcase classname="backend.tests.test_settings_and_route.TestDriverNewFields" name="test_driver_has_new_fields" time="0.096" /><testcase classname="backend.tests.test_settings_and_route.TestDriverPatch" name="test_patch_name_only" time="0.206" /><testcase classname="backend.tests.test_settings_and_route.TestDriverPatch" name="test_patch_vehicle_combo" time="0.217" /><testcase classname="backend.tests.test_settings_and_route.TestDriverPatch" name="test_patch_notifications" time="0.236" /><testcase classname="backend.tests.test_settings_and_route.TestRoute" name="test_route_fallback_shape" time="0.278" /><testcase classname="backend.tests.test_settings_and_route.TestRoute" name="test_route_idempotent_cache" time="0.507" /><testcase classname="backend.tests.test_settings_and_route.TestRoute" name="test_route_404_for_unknown_order" time="0.067" /></testsuite></testsuites>