<?xml version="1.0" encoding="utf-8"?><testsuites name="pytest tests"><testsuite name="pytest" errors="0" failures="0" skipped="0" tests="9" time="2.846" timestamp="2026-05-19T14:26:44.943678+00:00" hostname="agent-env-da0bdf31-c3a6-4c51-8d62-98307823844f"><testcase classname="backend.tests.test_driver_api.TestDriver" name="test_get_driver" time="0.378" /><testcase classname="backend.tests.test_driver_api.TestDriver" name="test_toggle_online_flips" time="0.167" /><testcase classname="backend.tests.test_driver_api.TestPending" name="test_pending_order_full_shape" time="0.089" /><testcase classname="backend.tests.test_driver_api.TestHistory" name="test_history_min_8" time="0.039" /><testcase classname="backend.tests.test_driver_api.TestLifecycle" name="test_accept_advance_complete" time="0.884" /><testcase classname="backend.tests.test_driver_api.TestLifecycle" name="test_reject_creates_new_pending" time="0.280" /><testcase classname="backend.tests.test_driver_api.TestLifecycle" name="test_rate_after_delivery" time="0.707" /><testcase classname="backend.tests.test_driver_api.TestErrors" name="test_accept_nonexistent" time="0.056" /><testcase classname="backend.tests.test_driver_api.TestErrors" name="test_advance_nonexistent" time="0.042" /></testsuite></testsuites>